Date: 2019-12-05 13:03:00
Backup Method: reload
User Mode: free
BackupGuard version: 1.2.0
Supported archive version: 5
Database prefix: wp_
Site URL: http://localhost:8888/new_wordpress
Home URL: http://localhost:8888/new_wordpress
Uploads path: /Users/fredericlabourel/Documents/Work/Mamp_web_server/new_wordpress/wp-content/uploads
Site installation: standard
OS: Darwin
Server: Apache/2.2.34 (Unix) mod_wsgi/3.5 Python/2.7.13 PHP/7.2.10 mod_ssl/2.2.34 OpenSSL/1.0.2o DAV/2 mod_fastcgi/mod_fastcgi-SNAP-0910052141 mod_perl/2.0.9 Perl/v5.24.0
User agent: WordPress/5.3; http://localhost:8888/new_wordpress
PHP version: 7.2.10
SAPI: apache2handler
MySQL version: 5.7.23
Int size: 8
Int lib: bcmath
Memory limit: 128M
Max execution time: 30
Disk free space: 105.9GB
Environment: Wordpress 5.3
Backup type: files,database

2019-12-05 13:03:00: Start backup
2019-12-05 13:03:00: Reload method set to ajax
2019-12-05 13:04:00: Start backup database
2019-12-05 13:04:00: Total tables to backup: 12
2019-12-05 13:04:00: Total rows to backup: 188
2019-12-05 13:04:00: Start backup table: wp_options
2019-12-05 13:04:00: End backup table: wp_options
2019-12-05 13:04:00: Start backup table: wp_commentmeta
2019-12-05 13:04:00: End backup table: wp_commentmeta
2019-12-05 13:04:00: Start backup table: wp_comments
2019-12-05 13:04:00: End backup table: wp_comments
2019-12-05 13:04:00: Start backup table: wp_links
2019-12-05 13:04:00: End backup table: wp_links
2019-12-05 13:04:00: Start backup table: wp_postmeta
2019-12-05 13:04:00: End backup table: wp_postmeta
2019-12-05 13:04:00: Start backup table: wp_posts
2019-12-05 13:04:00: End backup table: wp_posts
2019-12-05 13:04:00: Start backup table: wp_term_relationships
2019-12-05 13:04:00: End backup table: wp_term_relationships
2019-12-05 13:04:00: Start backup table: wp_term_taxonomy
2019-12-05 13:04:00: End backup table: wp_term_taxonomy
2019-12-05 13:04:00: Start backup table: wp_termmeta
2019-12-05 13:04:00: End backup table: wp_termmeta
2019-12-05 13:04:00: Start backup table: wp_terms
2019-12-05 13:04:00: End backup table: wp_terms
2019-12-05 13:04:00: Start backup table: wp_usermeta
2019-12-05 13:04:00: End backup table: wp_usermeta
2019-12-05 13:04:00: Start backup table: wp_users
2019-12-05 13:04:00: End backup table: wp_users
2019-12-05 13:04:00: End backup database
2019-12-05 13:04:00: Start backup files
2019-12-05 13:04:00: Backup files: wp-content,wp-content/uploads/backup-guard/sg_backup_opt(full)_20191205130330/sg_backup_opt(full)_20191205130330.sql
2019-12-05 13:04:00: Number of files to backup: 272
2019-12-05 13:04:00: Start backup file: /Users/fredericlabourel/Documents/Work/Mamp_web_server/new_wordpress/wp-content/index.php
2019-12-05 13:04:00: End backup file: /Users/fredericlabourel/Documents/Work/Mamp_web_server/new_wordpress/wp-content/index.php
2019-12-05 13:04:00: Start backup file: /Users/fredericlabourel/Documents/Work/Mamp_web_server/new_wordpress/wp-content/plugins/index.php
2019-12-05 13:04:00: End backup file: /Users/fredericlabourel/Documents/Work/Mamp_web_server/new_wordpress/wp-content/plugins/index.php
2019-12-05 13:04:00: Start backup file: /Users/fredericlabourel/Documents/Work/Mamp_web_server/new_wordpress/wp-content/plugins/akismet/class.akismet-cli.php
2019-12-05 13:04:00: End backup file: /Users/fredericlabourel/Documents/Work/Mamp_web_server/new_wordpress/wp-content/plugins/akismet/class.akismet-cli.php
2019-12-05 13:04:00: Start backup file: /Users/fredericlabourel/Documents/Work/Mamp_web_server/new_wordpress/wp-content/plugins/akismet/class.akismet.php
2019-12-05 13:04:00: End backup file: /Users/fredericlabourel/Documents/Work/Mamp_web_server/new_wordpress/wp-content/plugins/akismet/class.akismet.php
2019-12-05 13:04:00: Start backup file: /Users/fredericlabourel/Documents/Work/Mamp_web_server/new_wordpress/wp-content/plugins/akismet/index.php
2019-12-05 13:04:00: End backup file: /Users/fredericlabourel/Documents/Work/Mamp_web_server/new_wordpress/wp-content/plugins/akismet/index.php
2019-12-05 13:04:00: Start backup file: /Users/fredericlabourel/Documents/Work/Mamp_web_server/new_wordpress/wp-content/plugins/akismet/class.akismet-widget.php
2019-12-05 13:04:00: End backup file: /Users/fredericlabourel/Documents/Work/Mamp_web_server/new_wordpress/wp-content/plugins/akismet/class.akismet-widget.php
2019-12-05 13:04:00: Start backup file: /Users/fredericlabourel/Documents/Work/Mamp_web_server/new_wordpress/wp-content/plugins/akismet/class.akismet-admin.php
2019-12-05 13:04:00: End backup file: /Users/fredericlabourel/Documents/Work/Mamp_web_server/new_wordpress/wp-content/plugins/akismet/class.akismet-admin.php
2019-12-05 13:04:00: Start backup file: /Users/fredericlabourel/Documents/Work/Mamp_web_server/new_wordpress/wp-content/plugins/akismet/class.akismet-rest-api.php
2019-12-05 13:04:00: End backup file: /Users/fredericlabourel/Documents/Work/Mamp_web_server/new_wordpress/wp-content/plugins/akismet/class.akismet-rest-api.php
2019-12-05 13:04:00: Start backup file: /Users/fredericlabourel/Documents/Work/Mamp_web_server/new_wordpress/wp-content/plugins/akismet/readme.txt
2019-12-05 13:04:00: End backup file: /Users/fredericlabourel/Documents/Work/Mamp_web_server/new_wordpress/wp-content/plugins/akismet/readme.txt
2019-12-05 13:04:00: Start backup file: /Users/fredericlabourel/Documents/Work/Mamp_web_server/new_wordpress/wp-content/plugins/akismet/_inc/akismet.js
2019-12-05 13:04:00: End backup file: /Users/fredericlabourel/Documents/Work/Mamp_web_server/new_wordpress/wp-content/plugins/akismet/_inc/akismet.js
2019-12-05 13:04:00: Start backup file: /Users/fredericlabourel/Documents/Work/Mamp_web_server/new_wordpress/wp-content/plugins/akismet/_inc/img/logo-full-2x.png
2019-12-05 13:04:00: End backup file: /Users/fredericlabourel/Documents/Work/Mamp_web_server/new_wordpress/wp-content/plugins/akismet/_inc/img/logo-full-2x.png
2019-12-05 13:04:00: Start backup file: /Users/fredericlabourel/Documents/Work/Mamp_web_server/new_wordpress/wp-content/plugins/akismet/_inc/akismet.css
2019-12-05 13:04:00: End backup file: /Users/fredericlabourel/Documents/Work/Mamp_web_server/new_wordpress/wp-content/plugins/akismet/_inc/akismet.css
2019-12-05 13:04:00: Start backup file: /Users/fredericlabourel/Documents/Work/Mamp_web_server/new_wordpress/wp-content/plugins/akismet/_inc/form.js
2019-12-05 13:04:00: End backup file: /Users/fredericlabourel/Documents/Work/Mamp_web_server/new_wordpress/wp-content/plugins/akismet/_inc/form.js
2019-12-05 13:04:00: Start backup file: /Users/fredericlabourel/Documents/Work/Mamp_web_server/new_wordpress/wp-content/plugins/akismet/wrapper.php
2019-12-05 13:04:00: End backup file: /Users/fredericlabourel/Documents/Work/Mamp_web_server/new_wordpress/wp-content/plugins/akismet/wrapper.php
2019-12-05 13:04:00: Start backup file: /Users/fredericlabourel/Documents/Work/Mamp_web_server/new_wordpress/wp-content/plugins/akismet/akismet.php
2019-12-05 13:04:00: End backup file: /Users/fredericlabourel/Documents/Work/Mamp_web_server/new_wordpress/wp-content/plugins/akismet/akismet.php
2019-12-05 13:04:00: Start backup file: /Users/fredericlabourel/Documents/Work/Mamp_web_server/new_wordpress/wp-content/plugins/akismet/LICENSE.txt
2019-12-05 13:04:00: End backup file: /Users/fredericlabourel/Documents/Work/Mamp_web_server/new_wordpress/wp-content/plugins/akismet/LICENSE.txt
2019-12-05 13:04:00: Start backup file: /Users/fredericlabourel/Documents/Work/Mamp_web_server/new_wordpress/wp-content/plugins/akismet/views/title.php
2019-12-05 13:04:00: End backup file: /Users/fredericlabourel/Documents/Work/Mamp_web_server/new_wordpress/wp-content/plugins/akismet/views/title.php
2019-12-05 13:04:00: Start backup file: /Users/fredericlabourel/Documents/Work/Mamp_web_server/new_wordpress/wp-content/plugins/akismet/views/get.php
2019-12-05 13:04:00: End backup file: /Users/fredericlabourel/Documents/Work/Mamp_web_server/new_wordpress/wp-content/plugins/akismet/views/get.php
2019-12-05 13:04:00: Start backup file: /Users/fredericlabourel/Documents/Work/Mamp_web_server/new_wordpress/wp-content/plugins/akismet/views/connect-jp.php
2019-12-05 13:04:00: End backup file: /Users/fredericlabourel/Documents/Work/Mamp_web_server/new_wordpress/wp-content/plugins/akismet/views/connect-jp.php
2019-12-05 13:04:00: Start backup file: /Users/fredericlabourel/Documents/Work/Mamp_web_server/new_wordpress/wp-content/plugins/akismet/views/config.php
2019-12-05 13:04:00: End backup file: /Users/fredericlabourel/Documents/Work/Mamp_web_server/new_wordpress/wp-content/plugins/akismet/views/config.php
2019-12-05 13:04:00: Start backup file: /Users/fredericlabourel/Documents/Work/Mamp_web_server/new_wordpress/wp-content/plugins/akismet/views/stats.php
2019-12-05 13:04:00: End backup file: /Users/fredericlabourel/Documents/Work/Mamp_web_server/new_wordpress/wp-content/plugins/akismet/views/stats.php
2019-12-05 13:04:00: Start backup file: /Users/fredericlabourel/Documents/Work/Mamp_web_server/new_wordpress/wp-content/plugins/akismet/views/enter.php
2019-12-05 13:04:00: End backup file: /Users/fredericlabourel/Documents/Work/Mamp_web_server/new_wordpress/wp-content/plugins/akismet/views/enter.php
2019-12-05 13:04:00: Start backup file: /Users/fredericlabourel/Documents/Work/Mamp_web_server/new_wordpress/wp-content/plugins/akismet/views/activate.php
2019-12-05 13:04:00: End backup file: /Users/fredericlabourel/Documents/Work/Mamp_web_server/new_wordpress/wp-content/plugins/akismet/views/activate.php
2019-12-05 13:04:00: Start backup file: /Users/fredericlabourel/Documents/Work/Mamp_web_server/new_wordpress/wp-content/plugins/akismet/views/setup.php
2019-12-05 13:04:00: End backup file: /Users/fredericlabourel/Documents/Work/Mamp_web_server/new_wordpress/wp-content/plugins/akismet/views/setup.php
2019-12-05 13:04:00: Start backup file: /Users/fredericlabourel/Documents/Work/Mamp_web_server/new_wordpress/wp-content/plugins/akismet/views/predefined.php
2019-12-05 13:04:00: End backup file: /Users/fredericlabourel/Documents/Work/Mamp_web_server/new_wordpress/wp-content/plugins/akismet/views/predefined.php
2019-12-05 13:04:00: Start backup file: /Users/fredericlabourel/Documents/Work/Mamp_web_server/new_wordpress/wp-content/plugins/akismet/views/notice.php
2019-12-05 13:04:00: End backup file: /Users/fredericlabourel/Documents/Work/Mamp_web_server/new_wordpress/wp-content/plugins/akismet/views/notice.php
2019-12-05 13:04:00: Start backup file: /Users/fredericlabourel/Documents/Work/Mamp_web_server/new_wordpress/wp-content/plugins/akismet/views/start.php
2019-12-05 13:04:00: End backup file: /Users/fredericlabourel/Documents/Work/Mamp_web_server/new_wordpress/wp-content/plugins/akismet/views/start.php
2019-12-05 13:04:00: Start backup file: /Users/fredericlabourel/Documents/Work/Mamp_web_server/new_wordpress/wp-content/plugins/akismet/.htaccess
2019-12-05 13:04:00: End backup file: /Users/fredericlabourel/Documents/Work/Mamp_web_server/new_wordpress/wp-content/plugins/akismet/.htaccess
2019-12-05 13:04:00: Start backup file: /Users/fredericlabourel/Documents/Work/Mamp_web_server/new_wordpress/wp-content/plugins/hello.php
2019-12-05 13:04:00: End backup file: /Users/fredericlabourel/Documents/Work/Mamp_web_server/new_wordpress/wp-content/plugins/hello.php
2019-12-05 13:04:00: Start backup file: /Users/fredericlabourel/Documents/Work/Mamp_web_server/new_wordpress/wp-content/languages/fr_FR.po
2019-12-05 13:04:00: End backup file: /Users/fredericlabourel/Documents/Work/Mamp_web_server/new_wordpress/wp-content/languages/fr_FR.po
2019-12-05 13:04:00: Start backup file: /Users/fredericlabourel/Documents/Work/Mamp_web_server/new_wordpress/wp-content/languages/fr_FR-81c889563f09dd13de1701135dc62941.json
2019-12-05 13:04:00: End backup file: /Users/fredericlabourel/Documents/Work/Mamp_web_server/new_wordpress/wp-content/languages/fr_FR-81c889563f09dd13de1701135dc62941.json
2019-12-05 13:04:00: Start backup file: /Users/fredericlabourel/Documents/Work/Mamp_web_server/new_wordpress/wp-content/languages/fr_FR-daeb084aab42199d26393a56c3465bc0.json
2019-12-05 13:04:00: End backup file: /Users/fredericlabourel/Documents/Work/Mamp_web_server/new_wordpress/wp-content/languages/fr_FR-daeb084aab42199d26393a56c3465bc0.json
2019-12-05 13:04:00: Start backup file: /Users/fredericlabourel/Documents/Work/Mamp_web_server/new_wordpress/wp-content/languages/admin-network-fr_FR.mo
2019-12-05 13:04:00: End backup file: /Users/fredericlabourel/Documents/Work/Mamp_web_server/new_wordpress/wp-content/languages/admin-network-fr_FR.mo
2019-12-05 13:04:00: Start backup file: /Users/fredericlabourel/Documents/Work/Mamp_web_server/new_wordpress/wp-content/languages/fr_FR-68f2cec7514bf8563c723a4d675fcfe6.json
2019-12-05 13:04:00: End backup file: /Users/fredericlabourel/Documents/Work/Mamp_web_server/new_wordpress/wp-content/languages/fr_FR-68f2cec7514bf8563c723a4d675fcfe6.json
2019-12-05 13:04:00: Start backup file: /Users/fredericlabourel/Documents/Work/Mamp_web_server/new_wordpress/wp-content/languages/fr_FR-803bf1ce2131e13efc590c1bc47851fc.json
2019-12-05 13:04:00: End backup file: /Users/fredericlabourel/Documents/Work/Mamp_web_server/new_wordpress/wp-content/languages/fr_FR-803bf1ce2131e13efc590c1bc47851fc.json
2019-12-05 13:04:00: Start backup file: /Users/fredericlabourel/Documents/Work/Mamp_web_server/new_wordpress/wp-content/languages/fr_FR-7f13c36c641b114bf18cd0bcc9ecc7e0.json
2019-12-05 13:04:00: End backup file: /Users/fredericlabourel/Documents/Work/Mamp_web_server/new_wordpress/wp-content/languages/fr_FR-7f13c36c641b114bf18cd0bcc9ecc7e0.json
2019-12-05 13:04:00: Start backup file: /Users/fredericlabourel/Documents/Work/Mamp_web_server/new_wordpress/wp-content/languages/continents-cities-fr_FR.po
2019-12-05 13:04:00: End backup file: /Users/fredericlabourel/Documents/Work/Mamp_web_server/new_wordpress/wp-content/languages/continents-cities-fr_FR.po
2019-12-05 13:04:00: Start backup file: /Users/fredericlabourel/Documents/Work/Mamp_web_server/new_wordpress/wp-content/languages/fr_FR-28b3c3d595952907e08d98287077426c.json
2019-12-05 13:04:00: End backup file: /Users/fredericlabourel/Documents/Work/Mamp_web_server/new_wordpress/wp-content/languages/fr_FR-28b3c3d595952907e08d98287077426c.json
2019-12-05 13:04:00: Start backup file: /Users/fredericlabourel/Documents/Work/Mamp_web_server/new_wordpress/wp-content/languages/plugins/akismet-fr_FR.po
2019-12-05 13:04:00: End backup file: /Users/fredericlabourel/Documents/Work/Mamp_web_server/new_wordpress/wp-content/languages/plugins/akismet-fr_FR.po
2019-12-05 13:04:00: Start backup file: /Users/fredericlabourel/Documents/Work/Mamp_web_server/new_wordpress/wp-content/languages/plugins/akismet-fr_FR.mo
2019-12-05 13:04:00: End backup file: /Users/fredericlabourel/Documents/Work/Mamp_web_server/new_wordpress/wp-content/languages/plugins/akismet-fr_FR.mo
2019-12-05 13:04:00: Start backup file: /Users/fredericlabourel/Documents/Work/Mamp_web_server/new_wordpress/wp-content/languages/fr_FR-e2791ba830489d23043be8650a22a22b.json
2019-12-05 13:04:00: End backup file: /Users/fredericlabourel/Documents/Work/Mamp_web_server/new_wordpress/wp-content/languages/fr_FR-e2791ba830489d23043be8650a22a22b.json
2019-12-05 13:04:00: Start backup file: /Users/fredericlabourel/Documents/Work/Mamp_web_server/new_wordpress/wp-content/languages/fr_FR-1bba9045bb07c89671c88a3f328548e8.json
2019-12-05 13:04:00: End backup file: /Users/fredericlabourel/Documents/Work/Mamp_web_server/new_wordpress/wp-content/languages/fr_FR-1bba9045bb07c89671c88a3f328548e8.json
2019-12-05 13:04:00: Start backup file: /Users/fredericlabourel/Documents/Work/Mamp_web_server/new_wordpress/wp-content/languages/admin-fr_FR.mo
2019-12-05 13:04:00: End backup file: /Users/fredericlabourel/Documents/Work/Mamp_web_server/new_wordpress/wp-content/languages/admin-fr_FR.mo
2019-12-05 13:04:00: Start backup file: /Users/fredericlabourel/Documents/Work/Mamp_web_server/new_wordpress/wp-content/languages/fr_FR-4a38fe1c0c45989e44682ba6109d9f46.json
2019-12-05 13:04:00: End backup file: /Users/fredericlabourel/Documents/Work/Mamp_web_server/new_wordpress/wp-content/languages/fr_FR-4a38fe1c0c45989e44682ba6109d9f46.json
2019-12-05 13:04:00: Start backup file: /Users/fredericlabourel/Documents/Work/Mamp_web_server/new_wordpress/wp-content/languages/fr_FR-bf0f094965d3d4a95b47babcb35fc136.json
2019-12-05 13:04:00: End backup file: /Users/fredericlabourel/Documents/Work/Mamp_web_server/new_wordpress/wp-content/languages/fr_FR-bf0f094965d3d4a95b47babcb35fc136.json
2019-12-05 13:04:00: Start backup file: /Users/fredericlabourel/Documents/Work/Mamp_web_server/new_wordpress/wp-content/languages/fr_FR-a25d1cc7bf7ca0b4e114f6bea64943f4.json
2019-12-05 13:04:00: End backup file: /Users/fredericlabourel/Documents/Work/Mamp_web_server/new_wordpress/wp-content/languages/fr_FR-a25d1cc7bf7ca0b4e114f6bea64943f4.json
2019-12-05 13:04:00: Start backup file: /Users/fredericlabourel/Documents/Work/Mamp_web_server/new_wordpress/wp-content/languages/fr_FR-2c5d274ea625dd91556554ad82901529.json
2019-12-05 13:04:00: End backup file: /Users/fredericlabourel/Documents/Work/Mamp_web_server/new_wordpress/wp-content/languages/fr_FR-2c5d274ea625dd91556554ad82901529.json
2019-12-05 13:04:00: Start backup file: /Users/fredericlabourel/Documents/Work/Mamp_web_server/new_wordpress/wp-content/languages/fr_FR-8860e58c20c6a2ab5876a0f07be43bd9.json
2019-12-05 13:04:00: End backup file: /Users/fredericlabourel/Documents/Work/Mamp_web_server/new_wordpress/wp-content/languages/fr_FR-8860e58c20c6a2ab5876a0f07be43bd9.json
2019-12-05 13:04:00: Start backup file: /Users/fredericlabourel/Documents/Work/Mamp_web_server/new_wordpress/wp-content/languages/continents-cities-fr_FR.mo
2019-12-05 13:04:00: End backup file: /Users/fredericlabourel/Documents/Work/Mamp_web_server/new_wordpress/wp-content/languages/continents-cities-fr_FR.mo
2019-12-05 13:04:00: Start backup file: /Users/fredericlabourel/Documents/Work/Mamp_web_server/new_wordpress/wp-content/languages/admin-network-fr_FR.po
2019-12-05 13:04:00: End backup file: /Users/fredericlabourel/Documents/Work/Mamp_web_server/new_wordpress/wp-content/languages/admin-network-fr_FR.po
2019-12-05 13:04:00: Start backup file: /Users/fredericlabourel/Documents/Work/Mamp_web_server/new_wordpress/wp-content/languages/fr_FR-1a0cd6a7128913b15c1a10dd68951869.json
2019-12-05 13:04:00: End backup file: /Users/fredericlabourel/Documents/Work/Mamp_web_server/new_wordpress/wp-content/languages/fr_FR-1a0cd6a7128913b15c1a10dd68951869.json
2019-12-05 13:04:00: Start backup file: /Users/fredericlabourel/Documents/Work/Mamp_web_server/new_wordpress/wp-content/languages/fr_FR.mo
2019-12-05 13:04:00: End backup file: /Users/fredericlabourel/Documents/Work/Mamp_web_server/new_wordpress/wp-content/languages/fr_FR.mo
2019-12-05 13:04:00: Start backup file: /Users/fredericlabourel/Documents/Work/Mamp_web_server/new_wordpress/wp-content/languages/fr_FR-0ce75ad2f775d1cac9696967d484808c.json
2019-12-05 13:04:00: End backup file: /Users/fredericlabourel/Documents/Work/Mamp_web_server/new_wordpress/wp-content/languages/fr_FR-0ce75ad2f775d1cac9696967d484808c.json
2019-12-05 13:04:00: Start backup file: /Users/fredericlabourel/Documents/Work/Mamp_web_server/new_wordpress/wp-content/languages/fr_FR-f8f49d9fc4a9cf7d78ec99285417bd9c.json
2019-12-05 13:04:00: End backup file: /Users/fredericlabourel/Documents/Work/Mamp_web_server/new_wordpress/wp-content/languages/fr_FR-f8f49d9fc4a9cf7d78ec99285417bd9c.json
2019-12-05 13:04:00: Start backup file: /Users/fredericlabourel/Documents/Work/Mamp_web_server/new_wordpress/wp-content/languages/themes/twentyseventeen-fr_FR.mo
2019-12-05 13:04:00: End backup file: /Users/fredericlabourel/Documents/Work/Mamp_web_server/new_wordpress/wp-content/languages/themes/twentyseventeen-fr_FR.mo
2019-12-05 13:04:00: Start backup file: /Users/fredericlabourel/Documents/Work/Mamp_web_server/new_wordpress/wp-content/languages/themes/twentysixteen-fr_FR.mo
2019-12-05 13:04:00: End backup file: /Users/fredericlabourel/Documents/Work/Mamp_web_server/new_wordpress/wp-content/languages/themes/twentysixteen-fr_FR.mo
2019-12-05 13:04:00: Start backup file: /Users/fredericlabourel/Documents/Work/Mamp_web_server/new_wordpress/wp-content/languages/themes/twentynineteen-fr_FR.mo
2019-12-05 13:04:00: End backup file: /Users/fredericlabourel/Documents/Work/Mamp_web_server/new_wordpress/wp-content/languages/themes/twentynineteen-fr_FR.mo
2019-12-05 13:04:00: Start backup file: /Users/fredericlabourel/Documents/Work/Mamp_web_server/new_wordpress/wp-content/languages/themes/twentytwenty-fr_FR.mo
2019-12-05 13:04:00: End backup file: /Users/fredericlabourel/Documents/Work/Mamp_web_server/new_wordpress/wp-content/languages/themes/twentytwenty-fr_FR.mo
2019-12-05 13:04:00: Start backup file: /Users/fredericlabourel/Documents/Work/Mamp_web_server/new_wordpress/wp-content/languages/themes/twentysixteen-fr_FR.po
2019-12-05 13:04:00: End backup file: /Users/fredericlabourel/Documents/Work/Mamp_web_server/new_wordpress/wp-content/languages/themes/twentysixteen-fr_FR.po
2019-12-05 13:04:00: Start backup file: /Users/fredericlabourel/Documents/Work/Mamp_web_server/new_wordpress/wp-content/languages/themes/twentyseventeen-fr_FR.po
2019-12-05 13:04:00: End backup file: /Users/fredericlabourel/Documents/Work/Mamp_web_server/new_wordpress/wp-content/languages/themes/twentyseventeen-fr_FR.po
2019-12-05 13:04:00: Start backup file: /Users/fredericlabourel/Documents/Work/Mamp_web_server/new_wordpress/wp-content/languages/themes/twentynineteen-fr_FR.po
2019-12-05 13:04:00: End backup file: /Users/fredericlabourel/Documents/Work/Mamp_web_server/new_wordpress/wp-content/languages/themes/twentynineteen-fr_FR.po
2019-12-05 13:04:00: Start backup file: /Users/fredericlabourel/Documents/Work/Mamp_web_server/new_wordpress/wp-content/languages/themes/twentytwenty-fr_FR.po
2019-12-05 13:04:00: End backup file: /Users/fredericlabourel/Documents/Work/Mamp_web_server/new_wordpress/wp-content/languages/themes/twentytwenty-fr_FR.po
2019-12-05 13:04:00: Start backup file: /Users/fredericlabourel/Documents/Work/Mamp_web_server/new_wordpress/wp-content/languages/admin-fr_FR.po
2019-12-05 13:04:00: End backup file: /Users/fredericlabourel/Documents/Work/Mamp_web_server/new_wordpress/wp-content/languages/admin-fr_FR.po
2019-12-05 13:04:00: Start backup file: /Users/fredericlabourel/Documents/Work/Mamp_web_server/new_wordpress/wp-content/themes/twentyseventeen/functions.php
2019-12-05 13:04:00: End backup file: /Users/fredericlabourel/Documents/Work/Mamp_web_server/new_wordpress/wp-content/themes/twentyseventeen/functions.php
2019-12-05 13:04:00: Start backup file: /Users/fredericlabourel/Documents/Work/Mamp_web_server/new_wordpress/wp-content/themes/twentyseventeen/404.php
2019-12-05 13:04:00: End backup file: /Users/fredericlabourel/Documents/Work/Mamp_web_server/new_wordpress/wp-content/themes/twentyseventeen/404.php
2019-12-05 13:04:00: Start backup file: /Users/fredericlabourel/Documents/Work/Mamp_web_server/new_wordpress/wp-content/themes/twentyseventeen/inc/icon-functions.php
2019-12-05 13:04:00: End backup file: /Users/fredericlabourel/Documents/Work/Mamp_web_server/new_wordpress/wp-content/themes/twentyseventeen/inc/icon-functions.php
2019-12-05 13:04:00: Start backup file: /Users/fredericlabourel/Documents/Work/Mamp_web_server/new_wordpress/wp-content/themes/twentyseventeen/inc/customizer.php
2019-12-05 13:04:00: End backup file: /Users/fredericlabourel/Documents/Work/Mamp_web_server/new_wordpress/wp-content/themes/twentyseventeen/inc/customizer.php
2019-12-05 13:04:00: Start backup file: /Users/fredericlabourel/Documents/Work/Mamp_web_server/new_wordpress/wp-content/themes/twentyseventeen/inc/custom-header.php
2019-12-05 13:04:00: End backup file: /Users/fredericlabourel/Documents/Work/Mamp_web_server/new_wordpress/wp-content/themes/twentyseventeen/inc/custom-header.php
2019-12-05 13:04:00: Start backup file: /Users/fredericlabourel/Documents/Work/Mamp_web_server/new_wordpress/wp-content/themes/twentyseventeen/inc/color-patterns.php
2019-12-05 13:04:00: End backup file: /Users/fredericlabourel/Documents/Work/Mamp_web_server/new_wordpress/wp-content/themes/twentyseventeen/inc/color-patterns.php
2019-12-05 13:04:00: Start backup file: /Users/fredericlabourel/Documents/Work/Mamp_web_server/new_wordpress/wp-content/themes/twentyseventeen/inc/template-tags.php
2019-12-05 13:04:00: End backup file: /Users/fredericlabourel/Documents/Work/Mamp_web_server/new_wordpress/wp-content/themes/twentyseventeen/inc/template-tags.php
2019-12-05 13:04:00: Start backup file: /Users/fredericlabourel/Documents/Work/Mamp_web_server/new_wordpress/wp-content/themes/twentyseventeen/inc/template-functions.php
2019-12-05 13:04:00: End backup file: /Users/fredericlabourel/Documents/Work/Mamp_web_server/new_wordpress/wp-content/themes/twentyseventeen/inc/template-functions.php
2019-12-05 13:04:00: Start backup file: /Users/fredericlabourel/Documents/Work/Mamp_web_server/new_wordpress/wp-content/themes/twentyseventeen/inc/back-compat.php
2019-12-05 13:04:00: End backup file: /Users/fredericlabourel/Documents/Work/Mamp_web_server/new_wordpress/wp-content/themes/twentyseventeen/inc/back-compat.php
2019-12-05 13:04:00: Start backup file: /Users/fredericlabourel/Documents/Work/Mamp_web_server/new_wordpress/wp-content/themes/twentyseventeen/index.php
2019-12-05 13:04:00: End backup file: /Users/fredericlabourel/Documents/Work/Mamp_web_server/new_wordpress/wp-content/themes/twentyseventeen/index.php
2019-12-05 13:04:00: Start backup file: /Users/fredericlabourel/Documents/Work/Mamp_web_server/new_wordpress/wp-content/themes/twentyseventeen/archive.php
2019-12-05 13:04:00: End backup file: /Users/fredericlabourel/Documents/Work/Mamp_web_server/new_wordpress/wp-content/themes/twentyseventeen/archive.php
2019-12-05 13:04:00: Start backup file: /Users/fredericlabourel/Documents/Work/Mamp_web_server/new_wordpress/wp-content/themes/twentyseventeen/comments.php
2019-12-05 13:04:00: End backup file: /Users/fredericlabourel/Documents/Work/Mamp_web_server/new_wordpress/wp-content/themes/twentyseventeen/comments.php
2019-12-05 13:04:00: Start backup file: /Users/fredericlabourel/Documents/Work/Mamp_web_server/new_wordpress/wp-content/themes/twentyseventeen/screenshot.png
2019-12-05 13:04:00: End backup file: /Users/fredericlabourel/Documents/Work/Mamp_web_server/new_wordpress/wp-content/themes/twentyseventeen/screenshot.png
2019-12-05 13:04:00: Start backup file: /Users/fredericlabourel/Documents/Work/Mamp_web_server/new_wordpress/wp-content/themes/twentyseventeen/search.php
2019-12-05 13:04:00: End backup file: /Users/fredericlabourel/Documents/Work/Mamp_web_server/new_wordpress/wp-content/themes/twentyseventeen/search.php
2019-12-05 13:04:00: Start backup file: /Users/fredericlabourel/Documents/Work/Mamp_web_server/new_wordpress/wp-content/themes/twentyseventeen/header.php
2019-12-05 13:04:00: End backup file: /Users/fredericlabourel/Documents/Work/Mamp_web_server/new_wordpress/wp-content/themes/twentyseventeen/header.php
2019-12-05 13:04:00: Start backup file: /Users/fredericlabourel/Documents/Work/Mamp_web_server/new_wordpress/wp-content/themes/twentyseventeen/template-parts/footer/footer-widgets.php
2019-12-05 13:04:00: End backup file: /Users/fredericlabourel/Documents/Work/Mamp_web_server/new_wordpress/wp-content/themes/twentyseventeen/template-parts/footer/footer-widgets.php
2019-12-05 13:04:00: Start backup file: /Users/fredericlabourel/Documents/Work/Mamp_web_server/new_wordpress/wp-content/themes/twentyseventeen/template-parts/footer/site-info.php
2019-12-05 13:04:00: End backup file: /Users/fredericlabourel/Documents/Work/Mamp_web_server/new_wordpress/wp-content/themes/twentyseventeen/template-parts/footer/site-info.php
2019-12-05 13:04:00: Start backup file: /Users/fredericlabourel/Documents/Work/Mamp_web_server/new_wordpress/wp-content/themes/twentyseventeen/template-parts/page/content-page.php
2019-12-05 13:04:00: End backup file: /Users/fredericlabourel/Documents/Work/Mamp_web_server/new_wordpress/wp-content/themes/twentyseventeen/template-parts/page/content-page.php
2019-12-05 13:04:00: Start backup file: /Users/fredericlabourel/Documents/Work/Mamp_web_server/new_wordpress/wp-content/themes/twentyseventeen/template-parts/page/content-front-page.php
2019-12-05 13:04:00: End backup file: /Users/fredericlabourel/Documents/Work/Mamp_web_server/new_wordpress/wp-content/themes/twentyseventeen/template-parts/page/content-front-page.php
2019-12-05 13:04:00: Start backup file: /Users/fredericlabourel/Documents/Work/Mamp_web_server/new_wordpress/wp-content/themes/twentyseventeen/template-parts/page/content-front-page-panels.php
2019-12-05 13:04:00: End backup file: /Users/fredericlabourel/Documents/Work/Mamp_web_server/new_wordpress/wp-content/themes/twentyseventeen/template-parts/page/content-front-page-panels.php
2019-12-05 13:04:00: Start backup file: /Users/fredericlabourel/Documents/Work/Mamp_web_server/new_wordpress/wp-content/themes/twentyseventeen/template-parts/post/content-gallery.php
2019-12-05 13:04:00: End backup file: /Users/fredericlabourel/Documents/Work/Mamp_web_server/new_wordpress/wp-content/themes/twentyseventeen/template-parts/post/content-gallery.php
2019-12-05 13:04:00: Start backup file: /Users/fredericlabourel/Documents/Work/Mamp_web_server/new_wordpress/wp-content/themes/twentyseventeen/template-parts/post/content-none.php
2019-12-05 13:04:00: End backup file: /Users/fredericlabourel/Documents/Work/Mamp_web_server/new_wordpress/wp-content/themes/twentyseventeen/template-parts/post/content-none.php
2019-12-05 13:04:00: Start backup file: /Users/fredericlabourel/Documents/Work/Mamp_web_server/new_wordpress/wp-content/themes/twentyseventeen/template-parts/post/content-excerpt.php
2019-12-05 13:04:00: End backup file: /Users/fredericlabourel/Documents/Work/Mamp_web_server/new_wordpress/wp-content/themes/twentyseventeen/template-parts/post/content-excerpt.php
2019-12-05 13:04:00: Start backup file: /Users/fredericlabourel/Documents/Work/Mamp_web_server/new_wordpress/wp-content/themes/twentyseventeen/template-parts/post/content.php
2019-12-05 13:04:00: End backup file: /Users/fredericlabourel/Documents/Work/Mamp_web_server/new_wordpress/wp-content/themes/twentyseventeen/template-parts/post/content.php
2019-12-05 13:04:00: Start backup file: /Users/fredericlabourel/Documents/Work/Mamp_web_server/new_wordpress/wp-content/themes/twentyseventeen/template-parts/post/content-audio.php
2019-12-05 13:04:00: End backup file: /Users/fredericlabourel/Documents/Work/Mamp_web_server/new_wordpress/wp-content/themes/twentyseventeen/template-parts/post/content-audio.php
2019-12-05 13:04:00: Start backup file: /Users/fredericlabourel/Documents/Work/Mamp_web_server/new_wordpress/wp-content/themes/twentyseventeen/template-parts/post/content-video.php
2019-12-05 13:04:00: End backup file: /Users/fredericlabourel/Documents/Work/Mamp_web_server/new_wordpress/wp-content/themes/twentyseventeen/template-parts/post/content-video.php
2019-12-05 13:04:00: Start backup file: /Users/fredericlabourel/Documents/Work/Mamp_web_server/new_wordpress/wp-content/themes/twentyseventeen/template-parts/post/content-image.php
2019-12-05 13:04:00: End backup file: /Users/fredericlabourel/Documents/Work/Mamp_web_server/new_wordpress/wp-content/themes/twentyseventeen/template-parts/post/content-image.php
2019-12-05 13:04:00: Start backup file: /Users/fredericlabourel/Documents/Work/Mamp_web_server/new_wordpress/wp-content/themes/twentyseventeen/template-parts/navigation/navigation-top.php
2019-12-05 13:04:00: End backup file: /Users/fredericlabourel/Documents/Work/Mamp_web_server/new_wordpress/wp-content/themes/twentyseventeen/template-parts/navigation/navigation-top.php
2019-12-05 13:04:00: Start backup file: /Users/fredericlabourel/Documents/Work/Mamp_web_server/new_wordpress/wp-content/themes/twentyseventeen/template-parts/header/site-branding.php
2019-12-05 13:04:00: End backup file: /Users/fredericlabourel/Documents/Work/Mamp_web_server/new_wordpress/wp-content/themes/twentyseventeen/template-parts/header/site-branding.php
2019-12-05 13:04:00: Start backup file: /Users/fredericlabourel/Documents/Work/Mamp_web_server/new_wordpress/wp-content/themes/twentyseventeen/template-parts/header/header-image.php
2019-12-05 13:04:00: End backup file: /Users/fredericlabourel/Documents/Work/Mamp_web_server/new_wordpress/wp-content/themes/twentyseventeen/template-parts/header/header-image.php
2019-12-05 13:04:00: Start backup file: /Users/fredericlabourel/Documents/Work/Mamp_web_server/new_wordpress/wp-content/themes/twentyseventeen/footer.php
2019-12-05 13:04:00: End backup file: /Users/fredericlabourel/Documents/Work/Mamp_web_server/new_wordpress/wp-content/themes/twentyseventeen/footer.php
2019-12-05 13:04:00: Start backup file: /Users/fredericlabourel/Documents/Work/Mamp_web_server/new_wordpress/wp-content/themes/twentyseventeen/style.css
2019-12-05 13:04:00: End backup file: /Users/fredericlabourel/Documents/Work/Mamp_web_server/new_wordpress/wp-content/themes/twentyseventeen/style.css
2019-12-05 13:04:00: Start backup file: /Users/fredericlabourel/Documents/Work/Mamp_web_server/new_wordpress/wp-content/themes/twentyseventeen/readme.txt
2019-12-05 13:04:00: End backup file: /Users/fredericlabourel/Documents/Work/Mamp_web_server/new_wordpress/wp-content/themes/twentyseventeen/readme.txt
2019-12-05 13:04:00: Start backup file: /Users/fredericlabourel/Documents/Work/Mamp_web_server/new_wordpress/wp-content/themes/twentyseventeen/single.php
2019-12-05 13:04:00: End backup file: /Users/fredericlabourel/Documents/Work/Mamp_web_server/new_wordpress/wp-content/themes/twentyseventeen/single.php
2019-12-05 13:04:00: Start backup file: /Users/fredericlabourel/Documents/Work/Mamp_web_server/new_wordpress/wp-content/themes/twentyseventeen/page.php
2019-12-05 13:04:00: End backup file: /Users/fredericlabourel/Documents/Work/Mamp_web_server/new_wordpress/wp-content/themes/twentyseventeen/page.php
2019-12-05 13:04:00: Start backup file: /Users/fredericlabourel/Documents/Work/Mamp_web_server/new_wordpress/wp-content/themes/twentyseventeen/assets/css/colors-dark.css
2019-12-05 13:04:00: End backup file: /Users/fredericlabourel/Documents/Work/Mamp_web_server/new_wordpress/wp-content/themes/twentyseventeen/assets/css/colors-dark.css
2019-12-05 13:04:00: Start backup file: /Users/fredericlabourel/Documents/Work/Mamp_web_server/new_wordpress/wp-content/themes/twentyseventeen/assets/css/blocks.css
2019-12-05 13:04:00: End backup file: /Users/fredericlabourel/Documents/Work/Mamp_web_server/new_wordpress/wp-content/themes/twentyseventeen/assets/css/blocks.css
2019-12-05 13:04:00: Start backup file: /Users/fredericlabourel/Documents/Work/Mamp_web_server/new_wordpress/wp-content/themes/twentyseventeen/assets/css/editor-blocks.css
2019-12-05 13:04:00: End backup file: /Users/fredericlabourel/Documents/Work/Mamp_web_server/new_wordpress/wp-content/themes/twentyseventeen/assets/css/editor-blocks.css
2019-12-05 13:04:00: Start backup file: /Users/fredericlabourel/Documents/Work/Mamp_web_server/new_wordpress/wp-content/themes/twentyseventeen/assets/css/ie9.css
2019-12-05 13:04:00: End backup file: /Users/fredericlabourel/Documents/Work/Mamp_web_server/new_wordpress/wp-content/themes/twentyseventeen/assets/css/ie9.css
2019-12-05 13:04:00: Start backup file: /Users/fredericlabourel/Documents/Work/Mamp_web_server/new_wordpress/wp-content/themes/twentyseventeen/assets/css/ie8.css
2019-12-05 13:04:00: End backup file: /Users/fredericlabourel/Documents/Work/Mamp_web_server/new_wordpress/wp-content/themes/twentyseventeen/assets/css/ie8.css
2019-12-05 13:04:00: Start backup file: /Users/fredericlabourel/Documents/Work/Mamp_web_server/new_wordpress/wp-content/themes/twentyseventeen/assets/css/editor-style.css
2019-12-05 13:04:00: End backup file: /Users/fredericlabourel/Documents/Work/Mamp_web_server/new_wordpress/wp-content/themes/twentyseventeen/assets/css/editor-style.css
2019-12-05 13:04:00: Start backup file: /Users/fredericlabourel/Documents/Work/Mamp_web_server/new_wordpress/wp-content/themes/twentyseventeen/assets/images/coffee.jpg
2019-12-05 13:04:00: End backup file: /Users/fredericlabourel/Documents/Work/Mamp_web_server/new_wordpress/wp-content/themes/twentyseventeen/assets/images/coffee.jpg
2019-12-05 13:04:00: Start backup file: /Users/fredericlabourel/Documents/Work/Mamp_web_server/new_wordpress/wp-content/themes/twentyseventeen/assets/images/espresso.jpg
2019-12-05 13:04:00: End backup file: /Users/fredericlabourel/Documents/Work/Mamp_web_server/new_wordpress/wp-content/themes/twentyseventeen/assets/images/espresso.jpg
2019-12-05 13:04:00: Start backup file: /Users/fredericlabourel/Documents/Work/Mamp_web_server/new_wordpress/wp-content/themes/twentyseventeen/assets/images/header.jpg
2019-12-05 13:04:00: End backup file: /Users/fredericlabourel/Documents/Work/Mamp_web_server/new_wordpress/wp-content/themes/twentyseventeen/assets/images/header.jpg
2019-12-05 13:04:00: Start backup file: /Users/fredericlabourel/Documents/Work/Mamp_web_server/new_wordpress/wp-content/themes/twentyseventeen/assets/images/sandwich.jpg
2019-12-05 13:04:00: End backup file: /Users/fredericlabourel/Documents/Work/Mamp_web_server/new_wordpress/wp-content/themes/twentyseventeen/assets/images/sandwich.jpg
2019-12-05 13:04:00: Start backup file: /Users/fredericlabourel/Documents/Work/Mamp_web_server/new_wordpress/wp-content/themes/twentyseventeen/assets/images/svg-icons.svg
2019-12-05 13:04:00: End backup file: /Users/fredericlabourel/Documents/Work/Mamp_web_server/new_wordpress/wp-content/themes/twentyseventeen/assets/images/svg-icons.svg
2019-12-05 13:04:00: Start backup file: /Users/fredericlabourel/Documents/Work/Mamp_web_server/new_wordpress/wp-content/themes/twentyseventeen/assets/js/html5.js
2019-12-05 13:04:00: End backup file: /Users/fredericlabourel/Documents/Work/Mamp_web_server/new_wordpress/wp-content/themes/twentyseventeen/assets/js/html5.js
2019-12-05 13:04:00: Start backup file: /Users/fredericlabourel/Documents/Work/Mamp_web_server/new_wordpress/wp-content/themes/twentyseventeen/assets/js/skip-link-focus-fix.js
2019-12-05 13:04:00: End backup file: /Users/fredericlabourel/Documents/Work/Mamp_web_server/new_wordpress/wp-content/themes/twentyseventeen/assets/js/skip-link-focus-fix.js
2019-12-05 13:04:00: Start backup file: /Users/fredericlabourel/Documents/Work/Mamp_web_server/new_wordpress/wp-content/themes/twentyseventeen/assets/js/customize-preview.js
2019-12-05 13:04:00: End backup file: /Users/fredericlabourel/Documents/Work/Mamp_web_server/new_wordpress/wp-content/themes/twentyseventeen/assets/js/customize-preview.js
2019-12-05 13:04:00: Start backup file: /Users/fredericlabourel/Documents/Work/Mamp_web_server/new_wordpress/wp-content/themes/twentyseventeen/assets/js/global.js
2019-12-05 13:04:00: End backup file: /Users/fredericlabourel/Documents/Work/Mamp_web_server/new_wordpress/wp-content/themes/twentyseventeen/assets/js/global.js
2019-12-05 13:04:00: Start backup file: /Users/fredericlabourel/Documents/Work/Mamp_web_server/new_wordpress/wp-content/themes/twentyseventeen/assets/js/jquery.scrollTo.js
2019-12-05 13:04:00: End backup file: /Users/fredericlabourel/Documents/Work/Mamp_web_server/new_wordpress/wp-content/themes/twentyseventeen/assets/js/jquery.scrollTo.js
2019-12-05 13:04:00: Start backup file: /Users/fredericlabourel/Documents/Work/Mamp_web_server/new_wordpress/wp-content/themes/twentyseventeen/assets/js/navigation.js
2019-12-05 13:04:00: End backup file: /Users/fredericlabourel/Documents/Work/Mamp_web_server/new_wordpress/wp-content/themes/twentyseventeen/assets/js/navigation.js
2019-12-05 13:04:00: Start backup file: /Users/fredericlabourel/Documents/Work/Mamp_web_server/new_wordpress/wp-content/themes/twentyseventeen/assets/js/customize-controls.js
2019-12-05 13:04:00: End backup file: /Users/fredericlabourel/Documents/Work/Mamp_web_server/new_wordpress/wp-content/themes/twentyseventeen/assets/js/customize-controls.js
2019-12-05 13:04:00: Start backup file: /Users/fredericlabourel/Documents/Work/Mamp_web_server/new_wordpress/wp-content/themes/twentyseventeen/rtl.css
2019-12-05 13:04:00: End backup file: /Users/fredericlabourel/Documents/Work/Mamp_web_server/new_wordpress/wp-content/themes/twentyseventeen/rtl.css
2019-12-05 13:04:00: Start backup file: /Users/fredericlabourel/Documents/Work/Mamp_web_server/new_wordpress/wp-content/themes/twentyseventeen/sidebar.php
2019-12-05 13:04:00: End backup file: /Users/fredericlabourel/Documents/Work/Mamp_web_server/new_wordpress/wp-content/themes/twentyseventeen/sidebar.php
2019-12-05 13:04:00: Start backup file: /Users/fredericlabourel/Documents/Work/Mamp_web_server/new_wordpress/wp-content/themes/twentyseventeen/front-page.php
2019-12-05 13:04:00: End backup file: /Users/fredericlabourel/Documents/Work/Mamp_web_server/new_wordpress/wp-content/themes/twentyseventeen/front-page.php
2019-12-05 13:04:00: Start backup file: /Users/fredericlabourel/Documents/Work/Mamp_web_server/new_wordpress/wp-content/themes/twentyseventeen/searchform.php
2019-12-05 13:04:00: End backup file: /Users/fredericlabourel/Documents/Work/Mamp_web_server/new_wordpress/wp-content/themes/twentyseventeen/searchform.php
2019-12-05 13:04:00: Start backup file: /Users/fredericlabourel/Documents/Work/Mamp_web_server/new_wordpress/wp-content/themes/twentynineteen/functions.php
2019-12-05 13:04:00: End backup file: /Users/fredericlabourel/Documents/Work/Mamp_web_server/new_wordpress/wp-content/themes/twentynineteen/functions.php
2019-12-05 13:04:00: Start backup file: /Users/fredericlabourel/Documents/Work/Mamp_web_server/new_wordpress/wp-content/themes/twentynineteen/404.php
2019-12-05 13:04:00: End backup file: /Users/fredericlabourel/Documents/Work/Mamp_web_server/new_wordpress/wp-content/themes/twentynineteen/404.php
2019-12-05 13:04:00: Start backup file: /Users/fredericlabourel/Documents/Work/Mamp_web_server/new_wordpress/wp-content/themes/twentynineteen/inc/icon-functions.php
2019-12-05 13:04:00: End backup file: /Users/fredericlabourel/Documents/Work/Mamp_web_server/new_wordpress/wp-content/themes/twentynineteen/inc/icon-functions.php
2019-12-05 13:04:00: Start backup file: /Users/fredericlabourel/Documents/Work/Mamp_web_server/new_wordpress/wp-content/themes/twentynineteen/inc/customizer.php
2019-12-05 13:04:00: End backup file: /Users/fredericlabourel/Documents/Work/Mamp_web_server/new_wordpress/wp-content/themes/twentynineteen/inc/customizer.php
2019-12-05 13:04:00: Start backup file: /Users/fredericlabourel/Documents/Work/Mamp_web_server/new_wordpress/wp-content/themes/twentynineteen/inc/color-patterns.php
2019-12-05 13:04:00: End backup file: /Users/fredericlabourel/Documents/Work/Mamp_web_server/new_wordpress/wp-content/themes/twentynineteen/inc/color-patterns.php
2019-12-05 13:04:00: Start backup file: /Users/fredericlabourel/Documents/Work/Mamp_web_server/new_wordpress/wp-content/themes/twentynineteen/inc/template-tags.php
2019-12-05 13:04:00: End backup file: /Users/fredericlabourel/Documents/Work/Mamp_web_server/new_wordpress/wp-content/themes/twentynineteen/inc/template-tags.php
2019-12-05 13:04:00: Start backup file: /Users/fredericlabourel/Documents/Work/Mamp_web_server/new_wordpress/wp-content/themes/twentynineteen/inc/template-functions.php
2019-12-05 13:04:00: End backup file: /Users/fredericlabourel/Documents/Work/Mamp_web_server/new_wordpress/wp-content/themes/twentynineteen/inc/template-functions.php
2019-12-05 13:04:00: Start backup file: /Users/fredericlabourel/Documents/Work/Mamp_web_server/new_wordpress/wp-content/themes/twentynineteen/inc/back-compat.php
2019-12-05 13:04:00: End backup file: /Users/fredericlabourel/Documents/Work/Mamp_web_server/new_wordpress/wp-content/themes/twentynineteen/inc/back-compat.php
2019-12-05 13:04:00: Start backup file: /Users/fredericlabourel/Documents/Work/Mamp_web_server/new_wordpress/wp-content/themes/twentynineteen/style-editor.css
2019-12-05 13:04:00: End backup file: /Users/fredericlabourel/Documents/Work/Mamp_web_server/new_wordpress/wp-content/themes/twentynineteen/style-editor.css
2019-12-05 13:04:00: Start backup file: /Users/fredericlabourel/Documents/Work/Mamp_web_server/new_wordpress/wp-content/themes/twentynineteen/style-rtl.css
2019-12-05 13:04:00: End backup file: /Users/fredericlabourel/Documents/Work/Mamp_web_server/new_wordpress/wp-content/themes/twentynineteen/style-rtl.css
2019-12-05 13:04:00: Start backup file: /Users/fredericlabourel/Documents/Work/Mamp_web_server/new_wordpress/wp-content/themes/twentynineteen/index.php
2019-12-05 13:04:00: End backup file: /Users/fredericlabourel/Documents/Work/Mamp_web_server/new_wordpress/wp-content/themes/twentynineteen/index.php
2019-12-05 13:04:00: Start backup file: /Users/fredericlabourel/Documents/Work/Mamp_web_server/new_wordpress/wp-content/themes/twentynineteen/archive.php
2019-12-05 13:04:00: End backup file: /Users/fredericlabourel/Documents/Work/Mamp_web_server/new_wordpress/wp-content/themes/twentynineteen/archive.php
2019-12-05 13:04:00: Start backup file: /Users/fredericlabourel/Documents/Work/Mamp_web_server/new_wordpress/wp-content/themes/twentynineteen/style-editor-customizer.css
2019-12-05 13:04:00: End backup file: /Users/fredericlabourel/Documents/Work/Mamp_web_server/new_wordpress/wp-content/themes/twentynineteen/style-editor-customizer.css
2019-12-05 13:04:00: Start backup file: /Users/fredericlabourel/Documents/Work/Mamp_web_server/new_wordpress/wp-content/themes/twentynineteen/classes/class-twentynineteen-walker-comment.php
2019-12-05 13:04:00: End backup file: /Users/fredericlabourel/Documents/Work/Mamp_web_server/new_wordpress/wp-content/themes/twentynineteen/classes/class-twentynineteen-walker-comment.php
2019-12-05 13:04:00: Start backup file: /Users/fredericlabourel/Documents/Work/Mamp_web_server/new_wordpress/wp-content/themes/twentynineteen/classes/class-twentynineteen-svg-icons.php
2019-12-05 13:04:00: End backup file: /Users/fredericlabourel/Documents/Work/Mamp_web_server/new_wordpress/wp-content/themes/twentynineteen/classes/class-twentynineteen-svg-icons.php
2019-12-05 13:04:00: Start backup file: /Users/fredericlabourel/Documents/Work/Mamp_web_server/new_wordpress/wp-content/themes/twentynineteen/js/priority-menu.js
2019-12-05 13:04:00: End backup file: /Users/fredericlabourel/Documents/Work/Mamp_web_server/new_wordpress/wp-content/themes/twentynineteen/js/priority-menu.js
2019-12-05 13:04:00: Start backup file: /Users/fredericlabourel/Documents/Work/Mamp_web_server/new_wordpress/wp-content/themes/twentynineteen/js/skip-link-focus-fix.js
2019-12-05 13:04:00: End backup file: /Users/fredericlabourel/Documents/Work/Mamp_web_server/new_wordpress/wp-content/themes/twentynineteen/js/skip-link-focus-fix.js
2019-12-05 13:04:00: Start backup file: /Users/fredericlabourel/Documents/Work/Mamp_web_server/new_wordpress/wp-content/themes/twentynineteen/js/touch-keyboard-navigation.js
2019-12-05 13:04:00: End backup file: /Users/fredericlabourel/Documents/Work/Mamp_web_server/new_wordpress/wp-content/themes/twentynineteen/js/touch-keyboard-navigation.js
2019-12-05 13:04:00: Start backup file: /Users/fredericlabourel/Documents/Work/Mamp_web_server/new_wordpress/wp-content/themes/twentynineteen/js/customize-preview.js
2019-12-05 13:04:00: End backup file: /Users/fredericlabourel/Documents/Work/Mamp_web_server/new_wordpress/wp-content/themes/twentynineteen/js/customize-preview.js
2019-12-05 13:04:00: Start backup file: /Users/fredericlabourel/Documents/Work/Mamp_web_server/new_wordpress/wp-content/themes/twentynineteen/js/customize-controls.js
2019-12-05 13:04:00: End backup file: /Users/fredericlabourel/Documents/Work/Mamp_web_server/new_wordpress/wp-content/themes/twentynineteen/js/customize-controls.js
2019-12-05 13:04:00: Start backup file: /Users/fredericlabourel/Documents/Work/Mamp_web_server/new_wordpress/wp-content/themes/twentynineteen/comments.php
2019-12-05 13:04:00: End backup file: /Users/fredericlabourel/Documents/Work/Mamp_web_server/new_wordpress/wp-content/themes/twentynineteen/comments.php
2019-12-05 13:04:00: Start backup file: /Users/fredericlabourel/Documents/Work/Mamp_web_server/new_wordpress/wp-content/themes/twentynineteen/print.scss
2019-12-05 13:04:00: End backup file: /Users/fredericlabourel/Documents/Work/Mamp_web_server/new_wordpress/wp-content/themes/twentynineteen/print.scss
2019-12-05 13:04:00: Start backup file: /Users/fredericlabourel/Documents/Work/Mamp_web_server/new_wordpress/wp-content/themes/twentynineteen/screenshot.png
2019-12-05 13:04:00: End backup file: /Users/fredericlabourel/Documents/Work/Mamp_web_server/new_wordpress/wp-content/themes/twentynineteen/screenshot.png
2019-12-05 13:04:00: Start backup file: /Users/fredericlabourel/Documents/Work/Mamp_web_server/new_wordpress/wp-content/themes/twentynineteen/style-editor.scss
2019-12-05 13:04:00: End backup file: /Users/fredericlabourel/Documents/Work/Mamp_web_server/new_wordpress/wp-content/themes/twentynineteen/style-editor.scss
2019-12-05 13:04:00: Start backup file: /Users/fredericlabourel/Documents/Work/Mamp_web_server/new_wordpress/wp-content/themes/twentynineteen/search.php
2019-12-05 13:04:00: End backup file: /Users/fredericlabourel/Documents/Work/Mamp_web_server/new_wordpress/wp-content/themes/twentynineteen/search.php
2019-12-05 13:04:00: Start backup file: /Users/fredericlabourel/Documents/Work/Mamp_web_server/new_wordpress/wp-content/themes/twentynineteen/header.php
2019-12-05 13:04:00: End backup file: /Users/fredericlabourel/Documents/Work/Mamp_web_server/new_wordpress/wp-content/themes/twentynineteen/header.php
2019-12-05 13:04:00: Start backup file: /Users/fredericlabourel/Documents/Work/Mamp_web_server/new_wordpress/wp-content/themes/twentynineteen/template-parts/footer/footer-widgets.php
2019-12-05 13:04:00: End backup file: /Users/fredericlabourel/Documents/Work/Mamp_web_server/new_wordpress/wp-content/themes/twentynineteen/template-parts/footer/footer-widgets.php
2019-12-05 13:04:00: Start backup file: /Users/fredericlabourel/Documents/Work/Mamp_web_server/new_wordpress/wp-content/themes/twentynineteen/template-parts/post/author-bio.php
2019-12-05 13:04:00: End backup file: /Users/fredericlabourel/Documents/Work/Mamp_web_server/new_wordpress/wp-content/themes/twentynineteen/template-parts/post/author-bio.php
2019-12-05 13:04:00: Start backup file: /Users/fredericlabourel/Documents/Work/Mamp_web_server/new_wordpress/wp-content/themes/twentynineteen/template-parts/post/discussion-meta.php
2019-12-05 13:04:00: End backup file: /Users/fredericlabourel/Documents/Work/Mamp_web_server/new_wordpress/wp-content/themes/twentynineteen/template-parts/post/discussion-meta.php
2019-12-05 13:04:00: Start backup file: /Users/fredericlabourel/Documents/Work/Mamp_web_server/new_wordpress/wp-content/themes/twentynineteen/template-parts/content/content-single.php
2019-12-05 13:04:00: End backup file: /Users/fredericlabourel/Documents/Work/Mamp_web_server/new_wordpress/wp-content/themes/twentynineteen/template-parts/content/content-single.php
2019-12-05 13:04:00: Start backup file: /Users/fredericlabourel/Documents/Work/Mamp_web_server/new_wordpress/wp-content/themes/twentynineteen/template-parts/content/content-none.php
2019-12-05 13:04:00: End backup file: /Users/fredericlabourel/Documents/Work/Mamp_web_server/new_wordpress/wp-content/themes/twentynineteen/template-parts/content/content-none.php
2019-12-05 13:04:00: Start backup file: /Users/fredericlabourel/Documents/Work/Mamp_web_server/new_wordpress/wp-content/themes/twentynineteen/template-parts/content/content-page.php
2019-12-05 13:04:00: End backup file: /Users/fredericlabourel/Documents/Work/Mamp_web_server/new_wordpress/wp-content/themes/twentynineteen/template-parts/content/content-page.php
2019-12-05 13:04:00: Start backup file: /Users/fredericlabourel/Documents/Work/Mamp_web_server/new_wordpress/wp-content/themes/twentynineteen/template-parts/content/content-excerpt.php
2019-12-05 13:04:00: End backup file: /Users/fredericlabourel/Documents/Work/Mamp_web_server/new_wordpress/wp-content/themes/twentynineteen/template-parts/content/content-excerpt.php
2019-12-05 13:04:00: Start backup file: /Users/fredericlabourel/Documents/Work/Mamp_web_server/new_wordpress/wp-content/themes/twentynineteen/template-parts/content/content.php
2019-12-05 13:04:00: End backup file: /Users/fredericlabourel/Documents/Work/Mamp_web_server/new_wordpress/wp-content/themes/twentynineteen/template-parts/content/content.php
2019-12-05 13:04:00: Start backup file: /Users/fredericlabourel/Documents/Work/Mamp_web_server/new_wordpress/wp-content/themes/twentynineteen/template-parts/header/entry-header.php
2019-12-05 13:04:00: End backup file: /Users/fredericlabourel/Documents/Work/Mamp_web_server/new_wordpress/wp-content/themes/twentynineteen/template-parts/header/entry-header.php
2019-12-05 13:04:00: Start backup file: /Users/fredericlabourel/Documents/Work/Mamp_web_server/new_wordpress/wp-content/themes/twentynineteen/template-parts/header/site-branding.php
2019-12-05 13:04:00: End backup file: /Users/fredericlabourel/Documents/Work/Mamp_web_server/new_wordpress/wp-content/themes/twentynineteen/template-parts/header/site-branding.php
2019-12-05 13:04:00: Start backup file: /Users/fredericlabourel/Documents/Work/Mamp_web_server/new_wordpress/wp-content/themes/twentynineteen/package-lock.json
2019-12-05 13:04:00: End backup file: /Users/fredericlabourel/Documents/Work/Mamp_web_server/new_wordpress/wp-content/themes/twentynineteen/package-lock.json
2019-12-05 13:04:00: Start backup file: /Users/fredericlabourel/Documents/Work/Mamp_web_server/new_wordpress/wp-content/themes/twentynineteen/package.json
2019-12-05 13:04:00: End backup file: /Users/fredericlabourel/Documents/Work/Mamp_web_server/new_wordpress/wp-content/themes/twentynineteen/package.json
2019-12-05 13:04:00: Start backup file: /Users/fredericlabourel/Documents/Work/Mamp_web_server/new_wordpress/wp-content/themes/twentynineteen/style.scss
2019-12-05 13:04:00: End backup file: /Users/fredericlabourel/Documents/Work/Mamp_web_server/new_wordpress/wp-content/themes/twentynineteen/style.scss
2019-12-05 13:04:00: Start backup file: /Users/fredericlabourel/Documents/Work/Mamp_web_server/new_wordpress/wp-content/themes/twentynineteen/footer.php
2019-12-05 13:04:00: End backup file: /Users/fredericlabourel/Documents/Work/Mamp_web_server/new_wordpress/wp-content/themes/twentynineteen/footer.php
2019-12-05 13:04:00: Start backup file: /Users/fredericlabourel/Documents/Work/Mamp_web_server/new_wordpress/wp-content/themes/twentynineteen/style.css
2019-12-05 13:04:00: End backup file: /Users/fredericlabourel/Documents/Work/Mamp_web_server/new_wordpress/wp-content/themes/twentynineteen/style.css
2019-12-05 13:04:00: Start backup file: /Users/fredericlabourel/Documents/Work/Mamp_web_server/new_wordpress/wp-content/themes/twentynineteen/readme.txt
2019-12-05 13:04:00: End backup file: /Users/fredericlabourel/Documents/Work/Mamp_web_server/new_wordpress/wp-content/themes/twentynineteen/readme.txt
2019-12-05 13:04:00: Start backup file: /Users/fredericlabourel/Documents/Work/Mamp_web_server/new_wordpress/wp-content/themes/twentynineteen/single.php
2019-12-05 13:04:00: End backup file: /Users/fredericlabourel/Documents/Work/Mamp_web_server/new_wordpress/wp-content/themes/twentynineteen/single.php
2019-12-05 13:04:00: Start backup file: /Users/fredericlabourel/Documents/Work/Mamp_web_server/new_wordpress/wp-content/themes/twentynineteen/print.css
2019-12-05 13:04:00: End backup file: /Users/fredericlabourel/Documents/Work/Mamp_web_server/new_wordpress/wp-content/themes/twentynineteen/print.css
2019-12-05 13:04:00: Start backup file: /Users/fredericlabourel/Documents/Work/Mamp_web_server/new_wordpress/wp-content/themes/twentynineteen/page.php
2019-12-05 13:04:00: End backup file: /Users/fredericlabourel/Documents/Work/Mamp_web_server/new_wordpress/wp-content/themes/twentynineteen/page.php
2019-12-05 13:04:00: Start backup file: /Users/fredericlabourel/Documents/Work/Mamp_web_server/new_wordpress/wp-content/themes/twentynineteen/style-editor-customizer.scss
2019-12-05 13:04:00: End backup file: /Users/fredericlabourel/Documents/Work/Mamp_web_server/new_wordpress/wp-content/themes/twentynineteen/style-editor-customizer.scss
2019-12-05 13:04:00: Start backup file: /Users/fredericlabourel/Documents/Work/Mamp_web_server/new_wordpress/wp-content/themes/twentynineteen/fonts/NonBreakingSpaceOverride.woff2
2019-12-05 13:04:00: End backup file: /Users/fredericlabourel/Documents/Work/Mamp_web_server/new_wordpress/wp-content/themes/twentynineteen/fonts/NonBreakingSpaceOverride.woff2
2019-12-05 13:04:00: Start backup file: /Users/fredericlabourel/Documents/Work/Mamp_web_server/new_wordpress/wp-content/themes/twentynineteen/fonts/NonBreakingSpaceOverride.woff
2019-12-05 13:04:00: End backup file: /Users/fredericlabourel/Documents/Work/Mamp_web_server/new_wordpress/wp-content/themes/twentynineteen/fonts/NonBreakingSpaceOverride.woff
2019-12-05 13:04:00: Start backup file: /Users/fredericlabourel/Documents/Work/Mamp_web_server/new_wordpress/wp-content/themes/twentynineteen/sass/blocks/_blocks.scss
2019-12-05 13:04:00: End backup file: /Users/fredericlabourel/Documents/Work/Mamp_web_server/new_wordpress/wp-content/themes/twentynineteen/sass/blocks/_blocks.scss
2019-12-05 13:04:00: Start backup file: /Users/fredericlabourel/Documents/Work/Mamp_web_server/new_wordpress/wp-content/themes/twentynineteen/sass/forms/_forms.scss
2019-12-05 13:04:00: End backup file: /Users/fredericlabourel/Documents/Work/Mamp_web_server/new_wordpress/wp-content/themes/twentynineteen/sass/forms/_forms.scss
2019-12-05 13:04:00: Start backup file: /Users/fredericlabourel/Documents/Work/Mamp_web_server/new_wordpress/wp-content/themes/twentynineteen/sass/forms/_buttons.scss
2019-12-05 13:04:00: End backup file: /Users/fredericlabourel/Documents/Work/Mamp_web_server/new_wordpress/wp-content/themes/twentynineteen/sass/forms/_buttons.scss
2019-12-05 13:04:00: Start backup file: /Users/fredericlabourel/Documents/Work/Mamp_web_server/new_wordpress/wp-content/themes/twentynineteen/sass/forms/_fields.scss
2019-12-05 13:04:00: End backup file: /Users/fredericlabourel/Documents/Work/Mamp_web_server/new_wordpress/wp-content/themes/twentynineteen/sass/forms/_fields.scss
2019-12-05 13:04:00: Start backup file: /Users/fredericlabourel/Documents/Work/Mamp_web_server/new_wordpress/wp-content/themes/twentynineteen/sass/mixins/_mixins-master.scss
2019-12-05 13:04:00: End backup file: /Users/fredericlabourel/Documents/Work/Mamp_web_server/new_wordpress/wp-content/themes/twentynineteen/sass/mixins/_mixins-master.scss
2019-12-05 13:04:00: Start backup file: /Users/fredericlabourel/Documents/Work/Mamp_web_server/new_wordpress/wp-content/themes/twentynineteen/sass/mixins/_utilities.scss
2019-12-05 13:04:00: End backup file: /Users/fredericlabourel/Documents/Work/Mamp_web_server/new_wordpress/wp-content/themes/twentynineteen/sass/mixins/_utilities.scss
2019-12-05 13:04:00: Start backup file: /Users/fredericlabourel/Documents/Work/Mamp_web_server/new_wordpress/wp-content/themes/twentynineteen/sass/layout/_layout.scss
2019-12-05 13:04:00: End backup file: /Users/fredericlabourel/Documents/Work/Mamp_web_server/new_wordpress/wp-content/themes/twentynineteen/sass/layout/_layout.scss
2019-12-05 13:04:00: Start backup file: /Users/fredericlabourel/Documents/Work/Mamp_web_server/new_wordpress/wp-content/themes/twentynineteen/sass/navigation/_menu-social-navigation.scss
2019-12-05 13:04:00: End backup file: /Users/fredericlabourel/Documents/Work/Mamp_web_server/new_wordpress/wp-content/themes/twentynineteen/sass/navigation/_menu-social-navigation.scss
2019-12-05 13:04:00: Start backup file: /Users/fredericlabourel/Documents/Work/Mamp_web_server/new_wordpress/wp-content/themes/twentynineteen/sass/navigation/_menu-footer-navigation.scss
2019-12-05 13:04:00: End backup file: /Users/fredericlabourel/Documents/Work/Mamp_web_server/new_wordpress/wp-content/themes/twentynineteen/sass/navigation/_menu-footer-navigation.scss
2019-12-05 13:04:00: Start backup file: /Users/fredericlabourel/Documents/Work/Mamp_web_server/new_wordpress/wp-content/themes/twentynineteen/sass/navigation/_menu-main-navigation.scss
2019-12-05 13:04:00: End backup file: /Users/fredericlabourel/Documents/Work/Mamp_web_server/new_wordpress/wp-content/themes/twentynineteen/sass/navigation/_menu-main-navigation.scss
2019-12-05 13:04:00: Start backup file: /Users/fredericlabourel/Documents/Work/Mamp_web_server/new_wordpress/wp-content/themes/twentynineteen/sass/navigation/_navigation.scss
2019-12-05 13:04:00: End backup file: /Users/fredericlabourel/Documents/Work/Mamp_web_server/new_wordpress/wp-content/themes/twentynineteen/sass/navigation/_navigation.scss
2019-12-05 13:04:00: Start backup file: /Users/fredericlabourel/Documents/Work/Mamp_web_server/new_wordpress/wp-content/themes/twentynineteen/sass/navigation/_links.scss
2019-12-05 13:04:00: End backup file: /Users/fredericlabourel/Documents/Work/Mamp_web_server/new_wordpress/wp-content/themes/twentynineteen/sass/navigation/_links.scss
2019-12-05 13:04:00: Start backup file: /Users/fredericlabourel/Documents/Work/Mamp_web_server/new_wordpress/wp-content/themes/twentynineteen/sass/navigation/_next-previous.scss
2019-12-05 13:04:00: End backup file: /Users/fredericlabourel/Documents/Work/Mamp_web_server/new_wordpress/wp-content/themes/twentynineteen/sass/navigation/_next-previous.scss
2019-12-05 13:04:00: Start backup file: /Users/fredericlabourel/Documents/Work/Mamp_web_server/new_wordpress/wp-content/themes/twentynineteen/sass/elements/_lists.scss
2019-12-05 13:04:00: End backup file: /Users/fredericlabourel/Documents/Work/Mamp_web_server/new_wordpress/wp-content/themes/twentynineteen/sass/elements/_lists.scss
2019-12-05 13:04:00: Start backup file: /Users/fredericlabourel/Documents/Work/Mamp_web_server/new_wordpress/wp-content/themes/twentynineteen/sass/elements/_tables.scss
2019-12-05 13:04:00: End backup file: /Users/fredericlabourel/Documents/Work/Mamp_web_server/new_wordpress/wp-content/themes/twentynineteen/sass/elements/_tables.scss
2019-12-05 13:04:00: Start backup file: /Users/fredericlabourel/Documents/Work/Mamp_web_server/new_wordpress/wp-content/themes/twentynineteen/sass/elements/_elements.scss
2019-12-05 13:04:00: End backup file: /Users/fredericlabourel/Documents/Work/Mamp_web_server/new_wordpress/wp-content/themes/twentynineteen/sass/elements/_elements.scss
2019-12-05 13:04:00: Start backup file: /Users/fredericlabourel/Documents/Work/Mamp_web_server/new_wordpress/wp-content/themes/twentynineteen/sass/typography/_copy.scss
2019-12-05 13:04:00: End backup file: /Users/fredericlabourel/Documents/Work/Mamp_web_server/new_wordpress/wp-content/themes/twentynineteen/sass/typography/_copy.scss
2019-12-05 13:04:00: Start backup file: /Users/fredericlabourel/Documents/Work/Mamp_web_server/new_wordpress/wp-content/themes/twentynineteen/sass/typography/_typography.scss
2019-12-05 13:04:00: End backup file: /Users/fredericlabourel/Documents/Work/Mamp_web_server/new_wordpress/wp-content/themes/twentynineteen/sass/typography/_typography.scss
2019-12-05 13:04:00: Start backup file: /Users/fredericlabourel/Documents/Work/Mamp_web_server/new_wordpress/wp-content/themes/twentynineteen/sass/typography/_headings.scss
2019-12-05 13:04:00: End backup file: /Users/fredericlabourel/Documents/Work/Mamp_web_server/new_wordpress/wp-content/themes/twentynineteen/sass/typography/_headings.scss
2019-12-05 13:04:00: Start backup file: /Users/fredericlabourel/Documents/Work/Mamp_web_server/new_wordpress/wp-content/themes/twentynineteen/sass/site/footer/_site-footer.scss
2019-12-05 13:04:00: End backup file: /Users/fredericlabourel/Documents/Work/Mamp_web_server/new_wordpress/wp-content/themes/twentynineteen/sass/site/footer/_site-footer.scss
2019-12-05 13:04:00: Start backup file: /Users/fredericlabourel/Documents/Work/Mamp_web_server/new_wordpress/wp-content/themes/twentynineteen/sass/site/_site.scss
2019-12-05 13:04:00: End backup file: /Users/fredericlabourel/Documents/Work/Mamp_web_server/new_wordpress/wp-content/themes/twentynineteen/sass/site/_site.scss
2019-12-05 13:04:00: Start backup file: /Users/fredericlabourel/Documents/Work/Mamp_web_server/new_wordpress/wp-content/themes/twentynineteen/sass/site/header/_site-featured-image.scss
2019-12-05 13:04:00: End backup file: /Users/fredericlabourel/Documents/Work/Mamp_web_server/new_wordpress/wp-content/themes/twentynineteen/sass/site/header/_site-featured-image.scss
2019-12-05 13:04:00: Start backup file: /Users/fredericlabourel/Documents/Work/Mamp_web_server/new_wordpress/wp-content/themes/twentynineteen/sass/site/header/_site-header.scss
2019-12-05 13:04:00: End backup file: /Users/fredericlabourel/Documents/Work/Mamp_web_server/new_wordpress/wp-content/themes/twentynineteen/sass/site/header/_site-header.scss
2019-12-05 13:04:00: Start backup file: /Users/fredericlabourel/Documents/Work/Mamp_web_server/new_wordpress/wp-content/themes/twentynineteen/sass/site/primary/_archives.scss
2019-12-05 13:04:00: End backup file: /Users/fredericlabourel/Documents/Work/Mamp_web_server/new_wordpress/wp-content/themes/twentynineteen/sass/site/primary/_archives.scss
2019-12-05 13:04:00: Start backup file: /Users/fredericlabourel/Documents/Work/Mamp_web_server/new_wordpress/wp-content/themes/twentynineteen/sass/site/primary/_comments.scss
2019-12-05 13:04:00: End backup file: /Users/fredericlabourel/Documents/Work/Mamp_web_server/new_wordpress/wp-content/themes/twentynineteen/sass/site/primary/_comments.scss
2019-12-05 13:04:00: Start backup file: /Users/fredericlabourel/Documents/Work/Mamp_web_server/new_wordpress/wp-content/themes/twentynineteen/sass/site/primary/_posts-and-pages.scss
2019-12-05 13:04:00: End backup file: /Users/fredericlabourel/Documents/Work/Mamp_web_server/new_wordpress/wp-content/themes/twentynineteen/sass/site/primary/_posts-and-pages.scss
2019-12-05 13:04:00: Start backup file: /Users/fredericlabourel/Documents/Work/Mamp_web_server/new_wordpress/wp-content/themes/twentynineteen/sass/site/secondary/_widgets.scss
2019-12-05 13:04:00: End backup file: /Users/fredericlabourel/Documents/Work/Mamp_web_server/new_wordpress/wp-content/themes/twentynineteen/sass/site/secondary/_widgets.scss
2019-12-05 13:04:00: Start backup file: /Users/fredericlabourel/Documents/Work/Mamp_web_server/new_wordpress/wp-content/themes/twentynineteen/sass/modules/_alignments.scss
2019-12-05 13:04:00: End backup file: /Users/fredericlabourel/Documents/Work/Mamp_web_server/new_wordpress/wp-content/themes/twentynineteen/sass/modules/_alignments.scss
2019-12-05 13:04:00: Start backup file: /Users/fredericlabourel/Documents/Work/Mamp_web_server/new_wordpress/wp-content/themes/twentynineteen/sass/modules/_accessibility.scss
2019-12-05 13:04:00: End backup file: /Users/fredericlabourel/Documents/Work/Mamp_web_server/new_wordpress/wp-content/themes/twentynineteen/sass/modules/_accessibility.scss
2019-12-05 13:04:00: Start backup file: /Users/fredericlabourel/Documents/Work/Mamp_web_server/new_wordpress/wp-content/themes/twentynineteen/sass/modules/_clearings.scss
2019-12-05 13:04:00: End backup file: /Users/fredericlabourel/Documents/Work/Mamp_web_server/new_wordpress/wp-content/themes/twentynineteen/sass/modules/_clearings.scss
2019-12-05 13:04:00: Start backup file: /Users/fredericlabourel/Documents/Work/Mamp_web_server/new_wordpress/wp-content/themes/twentynineteen/sass/_normalize.scss
2019-12-05 13:04:00: End backup file: /Users/fredericlabourel/Documents/Work/Mamp_web_server/new_wordpress/wp-content/themes/twentynineteen/sass/_normalize.scss
2019-12-05 13:04:00: Start backup file: /Users/fredericlabourel/Documents/Work/Mamp_web_server/new_wordpress/wp-content/themes/twentynineteen/sass/media/_media.scss
2019-12-05 13:04:00: End backup file: /Users/fredericlabourel/Documents/Work/Mamp_web_server/new_wordpress/wp-content/themes/twentynineteen/sass/media/_media.scss
2019-12-05 13:04:00: Start backup file: /Users/fredericlabourel/Documents/Work/Mamp_web_server/new_wordpress/wp-content/themes/twentynineteen/sass/media/_galleries.scss
2019-12-05 13:04:00: End backup file: /Users/fredericlabourel/Documents/Work/Mamp_web_server/new_wordpress/wp-content/themes/twentynineteen/sass/media/_galleries.scss
2019-12-05 13:04:00: Start backup file: /Users/fredericlabourel/Documents/Work/Mamp_web_server/new_wordpress/wp-content/themes/twentynineteen/sass/media/_captions.scss
2019-12-05 13:04:00: End backup file: /Users/fredericlabourel/Documents/Work/Mamp_web_server/new_wordpress/wp-content/themes/twentynineteen/sass/media/_captions.scss
2019-12-05 13:04:00: Start backup file: /Users/fredericlabourel/Documents/Work/Mamp_web_server/new_wordpress/wp-content/themes/twentynineteen/sass/variables-site/_fonts.scss
2019-12-05 13:04:00: End backup file: /Users/fredericlabourel/Documents/Work/Mamp_web_server/new_wordpress/wp-content/themes/twentynineteen/sass/variables-site/_fonts.scss
2019-12-05 13:04:00: Start backup file: /Users/fredericlabourel/Documents/Work/Mamp_web_server/new_wordpress/wp-content/themes/twentynineteen/sass/variables-site/_colors.scss
2019-12-05 13:04:00: End backup file: /Users/fredericlabourel/Documents/Work/Mamp_web_server/new_wordpress/wp-content/themes/twentynineteen/sass/variables-site/_colors.scss
2019-12-05 13:04:00: Start backup file: /Users/fredericlabourel/Documents/Work/Mamp_web_server/new_wordpress/wp-content/themes/twentynineteen/sass/variables-site/_columns.scss
2019-12-05 13:04:00: End backup file: /Users/fredericlabourel/Documents/Work/Mamp_web_server/new_wordpress/wp-content/themes/twentynineteen/sass/variables-site/_columns.scss
2019-12-05 13:04:00: Start backup file: /Users/fredericlabourel/Documents/Work/Mamp_web_server/new_wordpress/wp-content/themes/twentynineteen/sass/variables-site/_variables-site.scss
2019-12-05 13:04:00: End backup file: /Users/fredericlabourel/Documents/Work/Mamp_web_server/new_wordpress/wp-content/themes/twentynineteen/sass/variables-site/_variables-site.scss
2019-12-05 13:04:00: Start backup file: /Users/fredericlabourel/Documents/Work/Mamp_web_server/new_wordpress/wp-content/themes/twentynineteen/sass/variables-site/_structure.scss
2019-12-05 13:04:00: End backup file: /Users/fredericlabourel/Documents/Work/Mamp_web_server/new_wordpress/wp-content/themes/twentynineteen/sass/variables-site/_structure.scss
2019-12-05 13:04:00: Start backup file: /Users/fredericlabourel/Documents/Work/Mamp_web_server/new_wordpress/wp-content/themes/twentynineteen/sass/variables-site/_transitions.scss
2019-12-05 13:04:00: End backup file: /Users/fredericlabourel/Documents/Work/Mamp_web_server/new_wordpress/wp-content/themes/twentynineteen/sass/variables-site/_transitions.scss
2019-12-05 13:04:00: Start backup file: /Users/fredericlabourel/Documents/Work/Mamp_web_server/new_wordpress/wp-content/themes/twentynineteen/postcss.config.js
2019-12-05 13:04:00: End backup file: /Users/fredericlabourel/Documents/Work/Mamp_web_server/new_wordpress/wp-content/themes/twentynineteen/postcss.config.js
2019-12-05 13:04:00: Start backup file: /Users/fredericlabourel/Documents/Work/Mamp_web_server/new_wordpress/wp-content/themes/twentynineteen/image.php
2019-12-05 13:04:00: End backup file: /Users/fredericlabourel/Documents/Work/Mamp_web_server/new_wordpress/wp-content/themes/twentynineteen/image.php
2019-12-05 13:04:00: Start backup file: /Users/fredericlabourel/Documents/Work/Mamp_web_server/new_wordpress/wp-content/themes/index.php
2019-12-05 13:04:00: End backup file: /Users/fredericlabourel/Documents/Work/Mamp_web_server/new_wordpress/wp-content/themes/index.php
2019-12-05 13:04:00: Start backup file: /Users/fredericlabourel/Documents/Work/Mamp_web_server/new_wordpress/wp-content/themes/twentytwenty/functions.php
2019-12-05 13:04:00: End backup file: /Users/fredericlabourel/Documents/Work/Mamp_web_server/new_wordpress/wp-content/themes/twentytwenty/functions.php
2019-12-05 13:04:00: Start backup file: /Users/fredericlabourel/Documents/Work/Mamp_web_server/new_wordpress/wp-content/themes/twentytwenty/404.php
2019-12-05 13:04:00: End backup file: /Users/fredericlabourel/Documents/Work/Mamp_web_server/new_wordpress/wp-content/themes/twentytwenty/404.php
2019-12-05 13:04:00: Start backup file: /Users/fredericlabourel/Documents/Work/Mamp_web_server/new_wordpress/wp-content/themes/twentytwenty/singular.php
2019-12-05 13:04:00: End backup file: /Users/fredericlabourel/Documents/Work/Mamp_web_server/new_wordpress/wp-content/themes/twentytwenty/singular.php
2019-12-05 13:04:00: Start backup file: /Users/fredericlabourel/Documents/Work/Mamp_web_server/new_wordpress/wp-content/themes/twentytwenty/inc/svg-icons.php
2019-12-05 13:04:00: End backup file: /Users/fredericlabourel/Documents/Work/Mamp_web_server/new_wordpress/wp-content/themes/twentytwenty/inc/svg-icons.php
2019-12-05 13:04:00: Start backup file: /Users/fredericlabourel/Documents/Work/Mamp_web_server/new_wordpress/wp-content/themes/twentytwenty/inc/custom-css.php
2019-12-05 13:04:00: End backup file: /Users/fredericlabourel/Documents/Work/Mamp_web_server/new_wordpress/wp-content/themes/twentytwenty/inc/custom-css.php
2019-12-05 13:04:00: Start backup file: /Users/fredericlabourel/Documents/Work/Mamp_web_server/new_wordpress/wp-content/themes/twentytwenty/inc/template-tags.php
2019-12-05 13:04:00: End backup file: /Users/fredericlabourel/Documents/Work/Mamp_web_server/new_wordpress/wp-content/themes/twentytwenty/inc/template-tags.php
2019-12-05 13:04:00: Start backup file: /Users/fredericlabourel/Documents/Work/Mamp_web_server/new_wordpress/wp-content/themes/twentytwenty/inc/starter-content.php
2019-12-05 13:04:00: End backup file: /Users/fredericlabourel/Documents/Work/Mamp_web_server/new_wordpress/wp-content/themes/twentytwenty/inc/starter-content.php
2019-12-05 13:04:00: Start backup file: /Users/fredericlabourel/Documents/Work/Mamp_web_server/new_wordpress/wp-content/themes/twentytwenty/style-rtl.css
2019-12-05 13:04:00: End backup file: /Users/fredericlabourel/Documents/Work/Mamp_web_server/new_wordpress/wp-content/themes/twentytwenty/style-rtl.css
2019-12-05 13:04:00: Start backup file: /Users/fredericlabourel/Documents/Work/Mamp_web_server/new_wordpress/wp-content/themes/twentytwenty/index.php
2019-12-05 13:04:00: End backup file: /Users/fredericlabourel/Documents/Work/Mamp_web_server/new_wordpress/wp-content/themes/twentytwenty/index.php
2019-12-05 13:04:00: Start backup file: /Users/fredericlabourel/Documents/Work/Mamp_web_server/new_wordpress/wp-content/themes/twentytwenty/classes/class-twentytwenty-walker-page.php
2019-12-05 13:04:00: End backup file: /Users/fredericlabourel/Documents/Work/Mamp_web_server/new_wordpress/wp-content/themes/twentytwenty/classes/class-twentytwenty-walker-page.php
2019-12-05 13:04:00: Start backup file: /Users/fredericlabourel/Documents/Work/Mamp_web_server/new_wordpress/wp-content/themes/twentytwenty/classes/class-twentytwenty-script-loader.php
2019-12-05 13:04:00: End backup file: /Users/fredericlabourel/Documents/Work/Mamp_web_server/new_wordpress/wp-content/themes/twentytwenty/classes/class-twentytwenty-script-loader.php
2019-12-05 13:04:00: Start backup file: /Users/fredericlabourel/Documents/Work/Mamp_web_server/new_wordpress/wp-content/themes/twentytwenty/classes/class-twentytwenty-svg-icons.php
2019-12-05 13:04:00: End backup file: /Users/fredericlabourel/Documents/Work/Mamp_web_server/new_wordpress/wp-content/themes/twentytwenty/classes/class-twentytwenty-svg-icons.php
2019-12-05 13:04:00: Start backup file: /Users/fredericlabourel/Documents/Work/Mamp_web_server/new_wordpress/wp-content/themes/twentytwenty/classes/class-twentytwenty-customize.php
2019-12-05 13:04:00: End backup file: /Users/fredericlabourel/Documents/Work/Mamp_web_server/new_wordpress/wp-content/themes/twentytwenty/classes/class-twentytwenty-customize.php
2019-12-05 13:04:00: Start backup file: /Users/fredericlabourel/Documents/Work/Mamp_web_server/new_wordpress/wp-content/themes/twentytwenty/classes/class-twentytwenty-non-latin-languages.php
2019-12-05 13:04:00: End backup file: /Users/fredericlabourel/Documents/Work/Mamp_web_server/new_wordpress/wp-content/themes/twentytwenty/classes/class-twentytwenty-non-latin-languages.php
2019-12-05 13:04:00: Start backup file: /Users/fredericlabourel/Documents/Work/Mamp_web_server/new_wordpress/wp-content/themes/twentytwenty/classes/class-twentytwenty-walker-comment.php
2019-12-05 13:04:00: End backup file: /Users/fredericlabourel/Documents/Work/Mamp_web_server/new_wordpress/wp-content/themes/twentytwenty/classes/class-twentytwenty-walker-comment.php
2019-12-05 13:04:00: Start backup file: /Users/fredericlabourel/Documents/Work/Mamp_web_server/new_wordpress/wp-content/themes/twentytwenty/classes/class-twentytwenty-separator-control.php
2019-12-05 13:04:00: End backup file: /Users/fredericlabourel/Documents/Work/Mamp_web_server/new_wordpress/wp-content/themes/twentytwenty/classes/class-twentytwenty-separator-control.php
2019-12-05 13:04:00: Start backup file: /Users/fredericlabourel/Documents/Work/Mamp_web_server/new_wordpress/wp-content/themes/twentytwenty/comments.php
2019-12-05 13:04:00: End backup file: /Users/fredericlabourel/Documents/Work/Mamp_web_server/new_wordpress/wp-content/themes/twentytwenty/comments.php
2019-12-05 13:04:00: Start backup file: /Users/fredericlabourel/Documents/Work/Mamp_web_server/new_wordpress/wp-content/themes/twentytwenty/.stylelintrc.json
2019-12-05 13:04:00: End backup file: /Users/fredericlabourel/Documents/Work/Mamp_web_server/new_wordpress/wp-content/themes/twentytwenty/.stylelintrc.json
2019-12-05 13:04:00: Start backup file: /Users/fredericlabourel/Documents/Work/Mamp_web_server/new_wordpress/wp-content/themes/twentytwenty/screenshot.png
2019-12-05 13:04:00: End backup file: /Users/fredericlabourel/Documents/Work/Mamp_web_server/new_wordpress/wp-content/themes/twentytwenty/screenshot.png
2019-12-05 13:04:00: Start backup file: /Users/fredericlabourel/Documents/Work/Mamp_web_server/new_wordpress/wp-content/themes/twentytwenty/header.php
2019-12-05 13:04:00: End backup file: /Users/fredericlabourel/Documents/Work/Mamp_web_server/new_wordpress/wp-content/themes/twentytwenty/header.php
2019-12-05 13:04:00: Start backup file: /Users/fredericlabourel/Documents/Work/Mamp_web_server/new_wordpress/wp-content/themes/twentytwenty/template-parts/entry-header.php
2019-12-05 13:04:00: End backup file: /Users/fredericlabourel/Documents/Work/Mamp_web_server/new_wordpress/wp-content/themes/twentytwenty/template-parts/entry-header.php
2019-12-05 13:04:00: Start backup file: /Users/fredericlabourel/Documents/Work/Mamp_web_server/new_wordpress/wp-content/themes/twentytwenty/template-parts/footer-menus-widgets.php
2019-12-05 13:04:00: End backup file: /Users/fredericlabourel/Documents/Work/Mamp_web_server/new_wordpress/wp-content/themes/twentytwenty/template-parts/footer-menus-widgets.php
2019-12-05 13:04:00: Start backup file: /Users/fredericlabourel/Documents/Work/Mamp_web_server/new_wordpress/wp-content/themes/twentytwenty/template-parts/pagination.php
2019-12-05 13:04:00: End backup file: /Users/fredericlabourel/Documents/Work/Mamp_web_server/new_wordpress/wp-content/themes/twentytwenty/template-parts/pagination.php
2019-12-05 13:04:00: Start backup file: /Users/fredericlabourel/Documents/Work/Mamp_web_server/new_wordpress/wp-content/themes/twentytwenty/template-parts/modal-menu.php
2019-12-05 13:04:00: End backup file: /Users/fredericlabourel/Documents/Work/Mamp_web_server/new_wordpress/wp-content/themes/twentytwenty/template-parts/modal-menu.php
2019-12-05 13:04:00: Start backup file: /Users/fredericlabourel/Documents/Work/Mamp_web_server/new_wordpress/wp-content/themes/twentytwenty/template-parts/modal-search.php
2019-12-05 13:04:00: End backup file: /Users/fredericlabourel/Documents/Work/Mamp_web_server/new_wordpress/wp-content/themes/twentytwenty/template-parts/modal-search.php
2019-12-05 13:04:00: Start backup file: /Users/fredericlabourel/Documents/Work/Mamp_web_server/new_wordpress/wp-content/themes/twentytwenty/template-parts/content.php
2019-12-05 13:04:00: End backup file: /Users/fredericlabourel/Documents/Work/Mamp_web_server/new_wordpress/wp-content/themes/twentytwenty/template-parts/content.php
2019-12-05 13:04:00: Start backup file: /Users/fredericlabourel/Documents/Work/Mamp_web_server/new_wordpress/wp-content/themes/twentytwenty/template-parts/content-cover.php
2019-12-05 13:04:00: End backup file: /Users/fredericlabourel/Documents/Work/Mamp_web_server/new_wordpress/wp-content/themes/twentytwenty/template-parts/content-cover.php
2019-12-05 13:04:00: Start backup file: /Users/fredericlabourel/Documents/Work/Mamp_web_server/new_wordpress/wp-content/themes/twentytwenty/template-parts/featured-image.php
2019-12-05 13:04:00: End backup file: /Users/fredericlabourel/Documents/Work/Mamp_web_server/new_wordpress/wp-content/themes/twentytwenty/template-parts/featured-image.php
2019-12-05 13:04:00: Start backup file: /Users/fredericlabourel/Documents/Work/Mamp_web_server/new_wordpress/wp-content/themes/twentytwenty/template-parts/entry-author-bio.php
2019-12-05 13:04:00: End backup file: /Users/fredericlabourel/Documents/Work/Mamp_web_server/new_wordpress/wp-content/themes/twentytwenty/template-parts/entry-author-bio.php
2019-12-05 13:04:00: Start backup file: /Users/fredericlabourel/Documents/Work/Mamp_web_server/new_wordpress/wp-content/themes/twentytwenty/template-parts/navigation.php
2019-12-05 13:04:00: End backup file: /Users/fredericlabourel/Documents/Work/Mamp_web_server/new_wordpress/wp-content/themes/twentytwenty/template-parts/navigation.php
2019-12-05 13:04:00: Start backup file: /Users/fredericlabourel/Documents/Work/Mamp_web_server/new_wordpress/wp-content/themes/twentytwenty/package-lock.json
2019-12-05 13:04:00: End backup file: /Users/fredericlabourel/Documents/Work/Mamp_web_server/new_wordpress/wp-content/themes/twentytwenty/package-lock.json
2019-12-05 13:04:00: Start backup file: /Users/fredericlabourel/Documents/Work/Mamp_web_server/new_wordpress/wp-content/themes/twentytwenty/package.json
2019-12-05 13:04:00: End backup file: /Users/fredericlabourel/Documents/Work/Mamp_web_server/new_wordpress/wp-content/themes/twentytwenty/package.json
2019-12-05 13:04:00: Start backup file: /Users/fredericlabourel/Documents/Work/Mamp_web_server/new_wordpress/wp-content/themes/twentytwenty/footer.php
2019-12-05 13:04:00: End backup file: /Users/fredericlabourel/Documents/Work/Mamp_web_server/new_wordpress/wp-content/themes/twentytwenty/footer.php
2019-12-05 13:04:00: Start backup file: /Users/fredericlabourel/Documents/Work/Mamp_web_server/new_wordpress/wp-content/themes/twentytwenty/style.css
2019-12-05 13:04:00: End backup file: /Users/fredericlabourel/Documents/Work/Mamp_web_server/new_wordpress/wp-content/themes/twentytwenty/style.css
2019-12-05 13:04:00: Start backup file: /Users/fredericlabourel/Documents/Work/Mamp_web_server/new_wordpress/wp-content/themes/twentytwenty/templates/template-full-width.php
2019-12-05 13:04:00: End backup file: /Users/fredericlabourel/Documents/Work/Mamp_web_server/new_wordpress/wp-content/themes/twentytwenty/templates/template-full-width.php
2019-12-05 13:04:00: Start backup file: /Users/fredericlabourel/Documents/Work/Mamp_web_server/new_wordpress/wp-content/themes/twentytwenty/templates/template-cover.php
2019-12-05 13:04:00: End backup file: /Users/fredericlabourel/Documents/Work/Mamp_web_server/new_wordpress/wp-content/themes/twentytwenty/templates/template-cover.php
2019-12-05 13:04:00: Start backup file: /Users/fredericlabourel/Documents/Work/Mamp_web_server/new_wordpress/wp-content/themes/twentytwenty/readme.txt
2019-12-05 13:04:00: End backup file: /Users/fredericlabourel/Documents/Work/Mamp_web_server/new_wordpress/wp-content/themes/twentytwenty/readme.txt
2019-12-05 13:04:00: Start backup file: /Users/fredericlabourel/Documents/Work/Mamp_web_server/new_wordpress/wp-content/themes/twentytwenty/print.css
2019-12-05 13:04:00: End backup file: /Users/fredericlabourel/Documents/Work/Mamp_web_server/new_wordpress/wp-content/themes/twentytwenty/print.css
2019-12-05 13:04:00: Start backup file: /Users/fredericlabourel/Documents/Work/Mamp_web_server/new_wordpress/wp-content/themes/twentytwenty/assets/css/editor-style-block.css
2019-12-05 13:04:00: End backup file: /Users/fredericlabourel/Documents/Work/Mamp_web_server/new_wordpress/wp-content/themes/twentytwenty/assets/css/editor-style-block.css
2019-12-05 13:04:00: Start backup file: /Users/fredericlabourel/Documents/Work/Mamp_web_server/new_wordpress/wp-content/themes/twentytwenty/assets/css/editor-style-classic.css
2019-12-05 13:04:00: End backup file: /Users/fredericlabourel/Documents/Work/Mamp_web_server/new_wordpress/wp-content/themes/twentytwenty/assets/css/editor-style-classic.css
2019-12-05 13:04:00: Start backup file: /Users/fredericlabourel/Documents/Work/Mamp_web_server/new_wordpress/wp-content/themes/twentytwenty/assets/css/editor-style-classic-rtl.css
2019-12-05 13:04:00: End backup file: /Users/fredericlabourel/Documents/Work/Mamp_web_server/new_wordpress/wp-content/themes/twentytwenty/assets/css/editor-style-classic-rtl.css
2019-12-05 13:04:00: Start backup file: /Users/fredericlabourel/Documents/Work/Mamp_web_server/new_wordpress/wp-content/themes/twentytwenty/assets/css/editor-style-block-rtl.css
2019-12-05 13:04:00: End backup file: /Users/fredericlabourel/Documents/Work/Mamp_web_server/new_wordpress/wp-content/themes/twentytwenty/assets/css/editor-style-block-rtl.css
2019-12-05 13:04:00: Start backup file: /Users/fredericlabourel/Documents/Work/Mamp_web_server/new_wordpress/wp-content/themes/twentytwenty/assets/images/2020-landscape-2.png
2019-12-05 13:04:00: End backup file: /Users/fredericlabourel/Documents/Work/Mamp_web_server/new_wordpress/wp-content/themes/twentytwenty/assets/images/2020-landscape-2.png
2019-12-05 13:04:00: Start backup file: /Users/fredericlabourel/Documents/Work/Mamp_web_server/new_wordpress/wp-content/themes/twentytwenty/assets/images/2020-landscape-1.png
2019-12-05 13:04:00: End backup file: /Users/fredericlabourel/Documents/Work/Mamp_web_server/new_wordpress/wp-content/themes/twentytwenty/assets/images/2020-landscape-1.png
2019-12-05 13:04:00: Start backup file: /Users/fredericlabourel/Documents/Work/Mamp_web_server/new_wordpress/wp-content/themes/twentytwenty/assets/images/2020-square-1.png
2019-12-05 13:04:00: End backup file: /Users/fredericlabourel/Documents/Work/Mamp_web_server/new_wordpress/wp-content/themes/twentytwenty/assets/images/2020-square-1.png
2019-12-05 13:04:00: Start backup file: /Users/fredericlabourel/Documents/Work/Mamp_web_server/new_wordpress/wp-content/themes/twentytwenty/assets/images/2020-square-2.png
2019-12-05 13:04:00: End backup file: /Users/fredericlabourel/Documents/Work/Mamp_web_server/new_wordpress/wp-content/themes/twentytwenty/assets/images/2020-square-2.png
2019-12-05 13:04:00: Start backup file: /Users/fredericlabourel/Documents/Work/Mamp_web_server/new_wordpress/wp-content/themes/twentytwenty/assets/images/2020-three-quarters-4.png
2019-12-05 13:04:00: End backup file: /Users/fredericlabourel/Documents/Work/Mamp_web_server/new_wordpress/wp-content/themes/twentytwenty/assets/images/2020-three-quarters-4.png
2019-12-05 13:04:00: Start backup file: /Users/fredericlabourel/Documents/Work/Mamp_web_server/new_wordpress/wp-content/themes/twentytwenty/assets/images/2020-three-quarters-3.png
2019-12-05 13:04:00: End backup file: /Users/fredericlabourel/Documents/Work/Mamp_web_server/new_wordpress/wp-content/themes/twentytwenty/assets/images/2020-three-quarters-3.png
2019-12-05 13:04:00: Start backup file: /Users/fredericlabourel/Documents/Work/Mamp_web_server/new_wordpress/wp-content/themes/twentytwenty/assets/images/2020-three-quarters-2.png
2019-12-05 13:04:00: End backup file: /Users/fredericlabourel/Documents/Work/Mamp_web_server/new_wordpress/wp-content/themes/twentytwenty/assets/images/2020-three-quarters-2.png
2019-12-05 13:04:00: Start backup file: /Users/fredericlabourel/Documents/Work/Mamp_web_server/new_wordpress/wp-content/themes/twentytwenty/assets/images/2020-three-quarters-1.png
2019-12-05 13:04:00: End backup file: /Users/fredericlabourel/Documents/Work/Mamp_web_server/new_wordpress/wp-content/themes/twentytwenty/assets/images/2020-three-quarters-1.png
2019-12-05 13:04:00: Start backup file: /Users/fredericlabourel/Documents/Work/Mamp_web_server/new_wordpress/wp-content/themes/twentytwenty/assets/js/customize.js
2019-12-05 13:04:00: End backup file: /Users/fredericlabourel/Documents/Work/Mamp_web_server/new_wordpress/wp-content/themes/twentytwenty/assets/js/customize.js
2019-12-05 13:04:00: Start backup file: /Users/fredericlabourel/Documents/Work/Mamp_web_server/new_wordpress/wp-content/themes/twentytwenty/assets/js/color-calculations.js
2019-12-05 13:04:00: End backup file: /Users/fredericlabourel/Documents/Work/Mamp_web_server/new_wordpress/wp-content/themes/twentytwenty/assets/js/color-calculations.js
2019-12-05 13:04:00: Start backup file: /Users/fredericlabourel/Documents/Work/Mamp_web_server/new_wordpress/wp-content/themes/twentytwenty/assets/js/skip-link-focus-fix.js
2019-12-05 13:04:00: End backup file: /Users/fredericlabourel/Documents/Work/Mamp_web_server/new_wordpress/wp-content/themes/twentytwenty/assets/js/skip-link-focus-fix.js
2019-12-05 13:04:00: Start backup file: /Users/fredericlabourel/Documents/Work/Mamp_web_server/new_wordpress/wp-content/themes/twentytwenty/assets/js/customize-preview.js
2019-12-05 13:04:00: End backup file: /Users/fredericlabourel/Documents/Work/Mamp_web_server/new_wordpress/wp-content/themes/twentytwenty/assets/js/customize-preview.js
2019-12-05 13:04:00: Start backup file: /Users/fredericlabourel/Documents/Work/Mamp_web_server/new_wordpress/wp-content/themes/twentytwenty/assets/js/index.js
2019-12-05 13:04:00: End backup file: /Users/fredericlabourel/Documents/Work/Mamp_web_server/new_wordpress/wp-content/themes/twentytwenty/assets/js/index.js
2019-12-05 13:04:00: Start backup file: /Users/fredericlabourel/Documents/Work/Mamp_web_server/new_wordpress/wp-content/themes/twentytwenty/assets/js/editor-script-block.js
2019-12-05 13:04:00: End backup file: /Users/fredericlabourel/Documents/Work/Mamp_web_server/new_wordpress/wp-content/themes/twentytwenty/assets/js/editor-script-block.js
2019-12-05 13:04:00: Start backup file: /Users/fredericlabourel/Documents/Work/Mamp_web_server/new_wordpress/wp-content/themes/twentytwenty/assets/js/customize-controls.js
2019-12-05 13:04:00: End backup file: /Users/fredericlabourel/Documents/Work/Mamp_web_server/new_wordpress/wp-content/themes/twentytwenty/assets/js/customize-controls.js
2019-12-05 13:04:00: Start backup file: /Users/fredericlabourel/Documents/Work/Mamp_web_server/new_wordpress/wp-content/themes/twentytwenty/assets/fonts/inter/Inter-italic-var.woff2
2019-12-05 13:04:00: End backup file: /Users/fredericlabourel/Documents/Work/Mamp_web_server/new_wordpress/wp-content/themes/twentytwenty/assets/fonts/inter/Inter-italic-var.woff2
2019-12-05 13:04:00: Start backup file: /Users/fredericlabourel/Documents/Work/Mamp_web_server/new_wordpress/wp-content/themes/twentytwenty/assets/fonts/inter/Inter-upright-var.woff2
2019-12-05 13:04:00: End backup file: /Users/fredericlabourel/Documents/Work/Mamp_web_server/new_wordpress/wp-content/themes/twentytwenty/assets/fonts/inter/Inter-upright-var.woff2
2019-12-05 13:04:00: Start backup file: /Users/fredericlabourel/Documents/Work/Mamp_web_server/new_wordpress/wp-content/themes/twentytwenty/searchform.php
2019-12-05 13:04:00: End backup file: /Users/fredericlabourel/Documents/Work/Mamp_web_server/new_wordpress/wp-content/themes/twentytwenty/searchform.php
2019-12-05 13:04:00: Start backup file: /Users/fredericlabourel/Documents/Work/Mamp_web_server/new_wordpress/wp-content/uploads/backup-guard/sg_backup_opt(full)_20191205130330/sg_backup_opt(full)_20191205130330.sql
2019-12-05 13:04:00: End backup file: /Users/fredericlabourel/Documents/Work/Mamp_web_server/new_wordpress/wp-content/uploads/backup-guard/sg_backup_opt(full)_20191205130330/sg_backup_opt(full)_20191205130330.sql
2019-12-05 13:04:00: End backup files
2019-12-05 13:04:00: End backup
2019-12-05 13:04:00: Total duration: 48.00 seconds
2019-12-05 13:04:00: Archive size: 3MB (3049928 bytes)
